{"total": {"lines":{"total":19,"covered":19,"skipped":0,"pct":100},"statements":{"total":3290,"covered":1058,"skipped":0,"pct":32.16},"functions":{"total":1343,"covered":394,"skipped":0,"pct":29.34},"branches":{"total":2651,"covered":423,"skipped":0,"pct":15.96}}
,"C:/Users/rwill/Documents/dev/2018/180418-ngconf-perf/perf/src/polyfills.ts": {"lines":{"total":2,"covered":2,"skipped":0,"pct":100},"functions":{"total":0,"covered":0,"skipped":0,"pct":100},"statements":{"total":2,"covered":2,"skipped":0,"pct":100},"branches":{"total":0,"covered":0,"skipped":0,"pct":100}}
,"C:/Users/rwill/Documents/dev/2018/180418-ngconf-perf/perf/src/test.ts": {"lines":{"total":6,"covered":6,"skipped":0,"pct":100},"functions":{"total":0,"covered":0,"skipped":0,"pct":100},"statements":{"total":6,"covered":6,"skipped":0,"pct":100},"branches":{"total":0,"covered":0,"skipped":0,"pct":100}}
,"C:/Users/rwill/Documents/dev/2018/180418-ngconf-perf/perf/src/app/app.component.ts": {"lines":{"total":6,"covered":6,"skipped":0,"pct":100},"functions":{"total":2,"covered":2,"skipped":0,"pct":100},"statements":{"total":8,"covered":8,"skipped":0,"pct":100},"branches":{"total":0,"covered":0,"skipped":0,"pct":100}}
,"C:\\Users\\rwill\\Documents\\dev\\2018\\180418-ngconf-perf\\perf\\test\\test.js": {"lines":{"total":5,"covered":5,"skipped":0,"pct":100},"functions":{"total":1341,"covered":392,"skipped":0,"pct":29.23},"statements":{"total":3274,"covered":1042,"skipped":0,"pct":31.83},"branches":{"total":2651,"covered":423,"skipped":0,"pct":15.96}}
}
