TN:
SF:C:/Users/rwill/Documents/dev/2018/180418-ngconf-perf/perf/src/polyfills.ts
FNF:0
FNH:0
DA:46,1
DA:73,1
LF:2
LH:2
BRF:0
BRH:0
end_of_record
TN:
SF:C:/Users/rwill/Documents/dev/2018/180418-ngconf-perf/perf/src/test.ts
FNF:0
FNH:0
DA:3,1
DA:4,1
DA:5,1
DA:13,1
DA:18,1
DA:20,1
LF:6
LH:6
BRF:0
BRH:0
end_of_record
TN:
SF:C:/Users/rwill/Documents/dev/2018/180418-ngconf-perf/perf/src/app/app.component.ts
FN:10,(anonymous_1)
FN:5,AppComponent
FNF:2
FNH:2
FNDA:1,(anonymous_1)
FNDA:3,AppComponent
DA:1,1
DA:2,1
DA:10,1
DA:11,3
DA:13,1
DA:14,1
LF:6
LH:6
BRF:0
BRH:0
end_of_record
TN:
SF:C:\Users\rwill\Documents\dev\2018\180418-ngconf-perf\perf\test\foo.js
FN:1,(anonymous_0)
FN:2,(anonymous_1)
FN:3,t
FN:14,(anonymous_3)
FN:44,(anonymous_4)
FN:53,(anonymous_5)
FN:56,(anonymous_6)
FN:59,(anonymous_7)
FN:65,(anonymous_8)
FN:69,(anonymous_9)
FN:77,(anonymous_10)
FN:79,(anonymous_11)
FN:82,(anonymous_12)
FN:98,(anonymous_13)
FN:100,(anonymous_14)
FN:104,(anonymous_15)
FN:106,u
FN:109,m
FN:114,(anonymous_18)
FN:115,t
FN:126,(anonymous_20)
FN:129,(anonymous_21)
FN:142,(anonymous_22)
FN:159,(anonymous_23)
FN:160,t
FN:166,(anonymous_25)
FN:169,(anonymous_26)
FN:172,(anonymous_27)
FN:181,(anonymous_28)
FN:182,t
FN:193,(anonymous_30)
FN:196,(anonymous_31)
FN:216,(anonymous_32)
FN:230,(anonymous_33)
FN:251,(anonymous_34)
FN:281,(anonymous_35)
FN:282,t
FN:291,(anonymous_37)
FN:300,(anonymous_38)
FN:304,(anonymous_39)
FN:311,(anonymous_40)
FN:312,t
FN:317,(anonymous_42)
FN:320,(anonymous_43)
FN:323,(anonymous_44)
FN:328,(anonymous_45)
FN:329,e
FN:337,(anonymous_47)
FN:344,(anonymous_48)
FN:345,t
FN:360,(anonymous_50)
FN:367,(anonymous_51)
FN:379,(anonymous_52)
FN:381,(anonymous_53)
FN:413,(anonymous_54)
FN:419,(anonymous_55)
FN:423,(anonymous_56)
FN:424,(anonymous_57)
FN:467,(anonymous_58)
FN:473,(anonymous_59)
FN:480,(anonymous_60)
FN:490,(anonymous_61)
FN:502,(anonymous_62)
FN:521,(anonymous_63)
FN:526,(anonymous_64)
FN:530,(anonymous_65)
FN:542,(anonymous_66)
FN:545,(anonymous_67)
FN:547,(anonymous_68)
FN:548,(anonymous_69)
FN:560,(anonymous_70)
FN:562,(anonymous_71)
FN:574,(anonymous_72)
FN:575,n
FN:576,(anonymous_74)
FN:580,(anonymous_75)
FN:587,(anonymous_76)
FN:589,l
FN:592,(anonymous_78)
FN:600,(anonymous_79)
FN:601,t
FN:635,(anonymous_81)
FN:638,(anonymous_82)
FN:643,(anonymous_83)
FN:648,(anonymous_84)
FN:654,(anonymous_85)
FN:660,(anonymous_86)
FN:666,(anonymous_87)
FN:669,(anonymous_88)
FN:673,(anonymous_89)
FN:677,(anonymous_90)
FN:691,(anonymous_91)
FN:692,t
FN:718,(anonymous_93)
FN:730,(anonymous_94)
FN:752,(anonymous_95)
FN:757,(anonymous_96)
FN:772,(anonymous_97)
FN:780,(anonymous_98)
FN:790,(anonymous_99)
FN:799,(anonymous_100)
FN:801,a
FN:802,(anonymous_102)
FN:806,h
FN:814,(anonymous_104)
FN:815,e
FN:818,(anonymous_106)
FN:830,(anonymous_107)
FN:831,t
FN:837,(anonymous_109)
FN:860,(anonymous_110)
FN:861,t
FN:870,(anonymous_112)
FN:873,(anonymous_113)
FN:880,(anonymous_114)
FN:896,(anonymous_115)
FN:912,(anonymous_116)
FN:913,t
FN:919,(anonymous_118)
FN:923,(anonymous_119)
FN:928,(anonymous_120)
FN:943,(anonymous_121)
FN:946,(anonymous_122)
FN:950,(anonymous_123)
FN:962,(anonymous_124)
FN:964,(anonymous_125)
FN:965,n
FN:974,(anonymous_127)
FN:980,(anonymous_128)
FN:983,(anonymous_129)
FN:992,(anonymous_130)
FN:1005,(anonymous_131)
FN:1007,a
FN:1015,c
FN:1019,p
FN:1020,(anonymous_135)
FN:1027,(anonymous_136)
FN:1034,(anonymous_137)
FN:1035,t
FN:1044,(anonymous_139)
FN:1058,(anonymous_140)
FN:1061,(anonymous_141)
FN:1062,e
FN:1072,(anonymous_143)
FN:1114,(anonymous_144)
FN:1147,(anonymous_145)
FN:1156,(anonymous_146)
FN:1175,(anonymous_147)
FN:1177,(anonymous_148)
FN:1178,d
FN:1179,o
FN:1180,s
FN:1206,(anonymous_152)
FN:1208,(anonymous_153)
FN:1228,x
FN:1249,T
FN:1251,(anonymous_156)
FN:1260,k
FN:1269,I
FN:1296,O
FN:1298,(anonymous_160)
FN:1303,N
FN:1314,Z
FN:1317,W
FN:1346,Q
FN:1349,K
FN:1352,J
FN:1355,X
FN:1362,ee
FN:1365,te
FN:1368,ie
FN:1371,se
FN:1374,de
FN:1377,ve
FN:1386,Te
FN:1389,Se
FN:1390,Me
FN:1399,(anonymous_177)
FN:1409,Pe
FN:1416,De
FN:1420,He
FN:1423,Ze
FN:1429,We
FN:1433,Ge
FN:1439,(anonymous_184)
FN:1449,(anonymous_185)
FN:1459,(anonymous_186)
FN:1466,(anonymous_187)
FN:1481,qe
FN:1488,Ke
FN:1495,Xe
FN:1501,st
FN:1502,(anonymous_192)
FN:1511,ut
FN:1513,(anonymous_194)
FN:1523,ct
FN:1526,lt
FN:1529,dt
FN:1533,(anonymous_198)
FN:1561,ht
FN:1566,vt
FN:1569,Ct
FN:1580,Pt
FN:1583,Dt
FN:1586,Rt
FN:1589,Lt
FN:1600,Ft
FN:1607,Bt
FN:1610,zt
FN:1613,Ut
FN:1616,Zt
FN:1619,Wt
FN:1622,Gt
FN:1633,(anonymous_213)
FN:1639,qt
FN:1643,Yt
FN:1648,Xt
FN:1656,tn
FN:1664,rn
FN:1667,on
FN:1672,sn
FN:1684,un
FN:1692,an
FN:1698,cn
FN:1706,ln
FN:1713,dn
FN:1720,fn
FN:1728,pn
FN:1731,hn
FN:1734,vn
FN:1739,(anonymous_230)
FN:1744,(anonymous_231)
FN:1755,yn
FN:1756,(anonymous_233)
FN:1772,gn
FN:1789,bn
FN:1792,(anonymous_236)
FN:1799,_n
FN:1805,wn
FN:1814,Cn
FN:1837,En
FN:1863,xn
FN:1879,kn
FN:1886,In
FN:1893,On
FN:1945,(anonymous_245)
FN:1950,(anonymous_246)
FN:2004,Nn
FN:2026,Sn
FN:2046,An
FN:2047,(anonymous_250)
FN:2051,Mn
FN:2061,(anonymous_252)
FN:2074,(anonymous_253)
FN:2084,(anonymous_254)
FN:2104,(anonymous_255)
FN:2118,jn
FN:2122,Vn
FN:2131,Hn
FN:2164,Ln
FN:2168,(anonymous_260)
FN:2189,(anonymous_261)
FN:2221,Fn
FN:2236,Bn
FN:2240,zn
FN:2243,Un
FN:2250,Zn
FN:2257,Qn
FN:2260,Yn
FN:2263,Jn
FN:2266,$n
FN:2269,tr
FN:2272,rr
FN:2275,ir
FN:2278,hr
FN:2299,(anonymous_275)
FN:2339,vr
FN:2342,yr
FN:2348,gr
FN:2367,mr
FN:2368,(anonymous_280)
FN:2372,br
FN:2379,(anonymous_282)
FN:2408,_r
FN:2431,Cr
FN:2491,Er
FN:2502,xr
FN:2518,Tr
FN:2541,kr
FN:2551,Ir
FN:2575,Or
FN:2610,Nr
FN:2644,Sr
FN:2686,Ar
FN:2702,Mr
FN:2708,Pr
FN:2746,Dr
FN:2755,Rr
FN:2758,jr
FN:2855,(anonymous_299)
FN:2863,Vr
FN:2866,Hr
FN:2916,Lr
FN:2922,Fr
FN:2928,Br
FN:2935,zr
FN:2954,Ur
FN:2958,Zr
FN:3032,Wr
FN:3040,Qr
FN:3064,Gr
FN:3066,(anonymous_311)
FN:3069,(anonymous_312)
FN:3105,(anonymous_313)
FN:3177,(anonymous_314)
FN:3237,(anonymous_315)
FN:3384,(anonymous_316)
FN:3387,(anonymous_317)
FN:3397,(anonymous_318)
FN:3417,(anonymous_319)
FN:3442,(anonymous_320)
FN:3478,qr
FN:3498,Yr
FN:3500,(anonymous_323)
FN:3534,(anonymous_324)
FN:3542,Kr
FN:3552,Jr
FN:3562,(anonymous_327)
FN:3575,(anonymous_328)
FN:3595,$r
FN:3608,eo
FN:3624,to
FN:3670,no
FN:3674,ro
FN:3694,io
FN:3697,so
FN:3703,uo
FN:3717,ao
FN:3721,co
FN:3725,lo
FN:3730,(anonymous_340)
FN:3732,(anonymous_341)
FN:3738,(anonymous_342)
FN:3750,(anonymous_343)
FN:3764,(anonymous_344)
FN:3775,ho
FN:3778,vo
FN:3782,yo
FN:3786,go
FN:3787,r
FN:3807,(anonymous_350)
FN:3825,(anonymous_351)
FN:3833,mo
FN:3842,bo
FN:3851,_o
FN:3854,wo
FN:3857,Co
FN:3860,Io
FN:3864,Oo
FN:3868,No
FN:3873,(anonymous_360)
FN:3894,So
FN:3899,(anonymous_362)
FN:3920,Ao
FN:3932,(anonymous_364)
FN:3962,Mo
FN:3965,Do
FN:3976,Ro
FN:3985,jo
FN:3994,Ho
FN:3999,Lo
FN:4014,(anonymous_371)
FN:4023,Fo
FN:4030,Uo
FN:4033,(anonymous_374)
FN:4036,(anonymous_375)
FN:4039,(anonymous_376)
FN:4042,(anonymous_377)
FN:4045,(anonymous_378)
FN:4048,(anonymous_379)
FN:4051,(anonymous_380)
FN:4054,(anonymous_381)
FN:4057,(anonymous_382)
FN:4060,(anonymous_383)
FN:4063,(anonymous_384)
FN:4066,(anonymous_385)
FN:4069,(anonymous_386)
FN:4072,(anonymous_387)
FN:4075,(anonymous_388)
FN:4078,(anonymous_389)
FN:4081,(anonymous_390)
FN:4084,(anonymous_391)
FN:4087,(anonymous_392)
FN:4090,(anonymous_393)
FN:4093,(anonymous_394)
FN:4096,(anonymous_395)
FN:4099,(anonymous_396)
FN:4102,(anonymous_397)
FN:4105,(anonymous_398)
FN:4108,(anonymous_399)
FN:4111,(anonymous_400)
FN:4114,(anonymous_401)
FN:4117,(anonymous_402)
FN:4120,(anonymous_403)
FN:4123,(anonymous_404)
FN:4126,(anonymous_405)
FN:4129,(anonymous_406)
FN:4132,(anonymous_407)
FN:4135,(anonymous_408)
FN:4138,(anonymous_409)
FN:4141,(anonymous_410)
FN:4144,(anonymous_411)
FN:4147,(anonymous_412)
FN:4150,(anonymous_413)
FN:4153,(anonymous_414)
FN:4156,(anonymous_415)
FN:4159,(anonymous_416)
FN:4162,(anonymous_417)
FN:4165,(anonymous_418)
FN:4168,(anonymous_419)
FN:4171,(anonymous_420)
FN:4174,(anonymous_421)
FN:4177,(anonymous_422)
FN:4180,(anonymous_423)
FN:4183,(anonymous_424)
FN:4186,(anonymous_425)
FN:4189,(anonymous_426)
FN:4192,(anonymous_427)
FN:4195,(anonymous_428)
FN:4204,(anonymous_429)
FN:4205,e
FN:4209,(anonymous_431)
FN:4215,(anonymous_432)
FN:4222,(anonymous_433)
FN:4232,(anonymous_434)
FN:4249,(anonymous_435)
FN:4250,e
FN:4251,(anonymous_437)
FN:4264,(anonymous_438)
FN:4265,e
FN:4266,(anonymous_440)
FN:4277,(anonymous_441)
FN:4282,(anonymous_442)
FN:4286,(anonymous_443)
FN:4298,(anonymous_444)
FN:4299,e
FN:4310,e
FN:4324,(anonymous_447)
FN:4325,(anonymous_448)
FN:4410,(anonymous_449)
FN:4413,e
FN:4415,(anonymous_451)
FN:4476,(anonymous_452)
FN:4478,(anonymous_453)
FN:4488,(anonymous_454)
FN:4489,e
FN:4492,(anonymous_456)
FN:4495,(anonymous_457)
FN:4506,(anonymous_458)
FN:4517,(anonymous_459)
FN:4527,(anonymous_460)
FN:4528,e
FN:4533,(anonymous_462)
FN:4538,(anonymous_463)
FN:4542,(anonymous_464)
FN:4555,(anonymous_465)
FN:4558,(anonymous_466)
FN:4573,(anonymous_467)
FN:4574,e
FN:4575,(anonymous_469)
FN:4578,(anonymous_470)
FN:4581,(anonymous_471)
FN:4586,(anonymous_472)
FN:4587,e
FN:4588,(anonymous_474)
FN:4591,(anonymous_475)
FN:4594,(anonymous_476)
FN:4597,(anonymous_477)
FN:4600,(anonymous_478)
FN:4601,(anonymous_479)
FN:4604,(anonymous_480)
FN:4605,(anonymous_481)
FN:4609,(anonymous_482)
FN:4610,e
FN:4611,(anonymous_484)
FN:4616,(anonymous_485)
FN:4617,e
FN:4621,(anonymous_487)
FN:4622,e
FN:4631,(anonymous_489)
FN:4643,(anonymous_490)
FN:4644,t
FN:4657,(anonymous_492)
FN:4662,(anonymous_493)
FN:4663,(anonymous_494)
FN:4668,(anonymous_495)
FN:4674,(anonymous_496)
FN:4678,(anonymous_497)
FN:4682,(anonymous_498)
FN:4685,(anonymous_499)
FN:4686,t
FN:4696,(anonymous_501)
FN:4699,(anonymous_502)
FN:4701,(anonymous_503)
FN:4704,(anonymous_504)
FN:4709,(anonymous_505)
FN:4710,(anonymous_506)
FN:4714,(anonymous_507)
FN:4719,(anonymous_508)
FN:4720,(anonymous_509)
FN:4724,(anonymous_510)
FN:4730,(anonymous_511)
FN:4731,(anonymous_512)
FN:4735,(anonymous_513)
FN:4741,(anonymous_514)
FN:4742,(anonymous_515)
FN:4746,(anonymous_516)
FN:4751,(anonymous_517)
FN:4752,(anonymous_518)
FN:4756,(anonymous_519)
FN:4762,(anonymous_520)
FN:4763,(anonymous_521)
FN:4767,(anonymous_522)
FN:4780,(anonymous_523)
FN:4781,e
FN:4807,(anonymous_525)
FN:4815,(anonymous_526)
FN:4823,(anonymous_527)
FN:4834,(anonymous_528)
FN:4836,(anonymous_529)
FN:4843,(anonymous_530)
FN:4846,(anonymous_531)
FN:4851,(anonymous_532)
FN:4856,(anonymous_533)
FN:4859,(anonymous_534)
FN:4868,(anonymous_535)
FN:4871,(anonymous_536)
FN:4877,(anonymous_537)
FN:4878,e
FN:4887,(anonymous_539)
FN:4890,(anonymous_540)
FN:4893,(anonymous_541)
FN:4896,(anonymous_542)
FN:4901,(anonymous_543)
FN:4902,e
FN:4910,(anonymous_545)
FN:4913,(anonymous_546)
FN:4918,(anonymous_547)
FN:4920,(anonymous_548)
FN:4922,(anonymous_549)
FN:4930,(anonymous_550)
FN:4935,(anonymous_551)
FN:4943,(anonymous_552)
FN:4950,(anonymous_553)
FN:4953,(anonymous_554)
FN:4963,(anonymous_555)
FN:4967,(anonymous_556)
FN:4970,(anonymous_557)
FN:4975,(anonymous_558)
FN:4976,e
FN:4980,(anonymous_560)
FN:4983,(anonymous_561)
FN:4986,(anonymous_562)
FN:4989,(anonymous_563)
FN:4992,(anonymous_564)
FN:4995,(anonymous_565)
FN:4998,(anonymous_566)
FN:5004,(anonymous_567)
FN:5010,(anonymous_568)
FN:5011,e
FN:5012,(anonymous_570)
FN:5013,(anonymous_571)
FN:5021,(anonymous_572)
FN:5025,(anonymous_573)
FN:5026,e
FN:5032,(anonymous_575)
FN:5041,(anonymous_576)
FN:5054,(anonymous_577)
FN:5057,(anonymous_578)
FN:5059,(anonymous_579)
FN:5064,(anonymous_580)
FN:5067,(anonymous_581)
FN:5072,(anonymous_582)
FN:5073,(anonymous_583)
FN:5082,(anonymous_584)
FN:5091,(anonymous_585)
FN:5101,(anonymous_586)
FN:5105,(anonymous_587)
FN:5108,(anonymous_588)
FN:5123,(anonymous_589)
FN:5127,(anonymous_590)
FN:5133,(anonymous_591)
FN:5137,(anonymous_592)
FN:5140,(anonymous_593)
FN:5146,(anonymous_594)
FN:5154,(anonymous_595)
FN:5155,e
FN:5172,(anonymous_597)
FN:5173,(anonymous_598)
FN:5178,(anonymous_599)
FN:5183,(anonymous_600)
FN:5188,(anonymous_601)
FN:5190,(anonymous_602)
FN:5191,(anonymous_603)
FN:5193,(anonymous_604)
FN:5205,(anonymous_605)
FN:5209,(anonymous_606)
FN:5214,(anonymous_607)
FN:5221,(anonymous_608)
FN:5235,(anonymous_609)
FN:5252,(anonymous_610)
FN:5260,(anonymous_611)
FN:5264,(anonymous_612)
FN:5269,(anonymous_613)
FN:5277,(anonymous_614)
FN:5282,(anonymous_615)
FN:5287,(anonymous_616)
FN:5294,(anonymous_617)
FN:5298,(anonymous_618)
FN:5302,(anonymous_619)
FN:5303,(anonymous_620)
FN:5308,(anonymous_621)
FN:5317,(anonymous_622)
FN:5318,(anonymous_623)
FN:5324,(anonymous_624)
FN:5327,(anonymous_625)
FN:5328,e
FN:5334,(anonymous_627)
FN:5337,(anonymous_628)
FN:5340,(anonymous_629)
FN:5343,(anonymous_630)
FN:5346,(anonymous_631)
FN:5349,(anonymous_632)
FN:5352,(anonymous_633)
FN:5355,(anonymous_634)
FN:5358,(anonymous_635)
FN:5361,(anonymous_636)
FN:5362,e
FN:5363,(anonymous_638)
FN:5373,(anonymous_639)
FN:5376,(anonymous_640)
FN:5379,(anonymous_641)
FN:5385,(anonymous_642)
FN:5386,(anonymous_643)
FN:5387,e
FN:5398,(anonymous_645)
FN:5405,(anonymous_646)
FN:5412,(anonymous_647)
FN:5419,(anonymous_648)
FN:5426,(anonymous_649)
FN:5434,(anonymous_650)
FN:5435,t
FN:5447,(anonymous_652)
FN:5453,(anonymous_653)
FN:5460,(anonymous_654)
FN:5466,(anonymous_655)
FN:5474,(anonymous_656)
FN:5486,(anonymous_657)
FN:5489,(anonymous_658)
FN:5494,(anonymous_659)
FN:5500,(anonymous_660)
FN:5501,(anonymous_661)
FN:5508,(anonymous_662)
FN:5509,(anonymous_663)
FN:5518,(anonymous_664)
FN:5519,e
FN:5522,(anonymous_666)
FN:5525,(anonymous_667)
FN:5532,(anonymous_668)
FN:5537,(anonymous_669)
FN:5538,e
FN:5543,(anonymous_671)
FN:5548,(anonymous_672)
FN:5549,e
FN:5550,(anonymous_674)
FN:5553,(anonymous_675)
FN:5558,(anonymous_676)
FN:5561,(anonymous_677)
FN:5562,e
FN:5579,(anonymous_679)
FN:5584,(anonymous_680)
FN:5619,(anonymous_681)
FN:5628,(anonymous_682)
FN:5633,(anonymous_683)
FN:5638,(anonymous_684)
FN:5643,(anonymous_685)
FN:5652,(anonymous_686)
FN:5669,(anonymous_687)
FN:5670,(anonymous_688)
FN:5697,(anonymous_689)
FN:5708,(anonymous_690)
FN:5731,(anonymous_691)
FN:5742,(anonymous_692)
FN:5766,(anonymous_693)
FN:5801,(anonymous_694)
FN:5816,(anonymous_695)
FN:5841,(anonymous_696)
FN:5861,(anonymous_697)
FN:5867,(anonymous_698)
FN:5875,(anonymous_699)
FN:5896,(anonymous_700)
FN:5899,(anonymous_701)
FN:5917,(anonymous_702)
FN:5928,(anonymous_703)
FN:5944,(anonymous_704)
FN:5954,(anonymous_705)
FN:5970,(anonymous_706)
FN:5971,e
FN:5975,(anonymous_708)
FN:5987,(anonymous_709)
FN:5995,(anonymous_710)
FN:6012,(anonymous_711)
FN:6013,e
FN:6016,(anonymous_713)
FN:6025,(anonymous_714)
FN:6033,(anonymous_715)
FN:6041,(anonymous_716)
FN:6047,(anonymous_717)
FN:6052,(anonymous_718)
FN:6053,e
FN:6054,(anonymous_720)
FN:6057,(anonymous_721)
FN:6062,(anonymous_722)
FN:6063,e
FN:6076,(anonymous_724)
FN:6086,(anonymous_725)
FN:6091,(anonymous_726)
FN:6100,(anonymous_727)
FN:6105,(anonymous_728)
FN:6110,(anonymous_729)
FN:6115,(anonymous_730)
FN:6133,(anonymous_731)
FN:6134,(anonymous_732)
FN:6139,(anonymous_733)
FN:6174,(anonymous_734)
FN:6198,(anonymous_735)
FN:6220,(anonymous_736)
FN:6238,(anonymous_737)
FN:6245,(anonymous_738)
FN:6253,(anonymous_739)
FN:6261,(anonymous_740)
FN:6265,(anonymous_741)
FN:6272,(anonymous_742)
FN:6283,(anonymous_743)
FN:6284,e
FN:6287,(anonymous_745)
FN:6294,(anonymous_746)
FN:6297,(anonymous_747)
FN:6308,(anonymous_748)
FN:6310,(anonymous_749)
FN:6326,(anonymous_750)
FN:6327,e
FN:6330,(anonymous_752)
FN:6337,(anonymous_753)
FN:6340,(anonymous_754)
FN:6351,(anonymous_755)
FN:6352,(anonymous_756)
FN:6374,(anonymous_757)
FN:6375,(anonymous_758)
FN:6392,(anonymous_759)
FN:6412,(anonymous_760)
FN:6423,(anonymous_761)
FN:6424,t
FN:6437,(anonymous_763)
FN:6449,(anonymous_764)
FN:6459,(anonymous_765)
FN:6478,(anonymous_766)
FN:6479,t
FN:6490,(anonymous_768)
FN:6493,(anonymous_769)
FN:6502,(anonymous_770)
FN:6509,(anonymous_771)
FN:6515,(anonymous_772)
FN:6518,(anonymous_773)
FN:6523,(anonymous_774)
FN:6524,e
FN:6531,(anonymous_776)
FN:6538,(anonymous_777)
FN:6545,(anonymous_778)
FN:6560,(anonymous_779)
FN:6566,(anonymous_780)
FN:6576,(anonymous_781)
FN:6582,(anonymous_782)
FN:6587,(anonymous_783)
FN:6596,(anonymous_784)
FN:6612,(anonymous_785)
FN:6621,(anonymous_786)
FN:6640,(anonymous_787)
FN:6664,(anonymous_788)
FN:6667,(anonymous_789)
FN:6673,(anonymous_790)
FN:6683,(anonymous_791)
FN:6684,e
FN:6690,(anonymous_793)
FN:6699,(anonymous_794)
FN:6706,(anonymous_795)
FN:6712,(anonymous_796)
FN:6715,(anonymous_797)
FN:6718,(anonymous_798)
FN:6731,(anonymous_799)
FN:6734,(anonymous_800)
FN:6737,(anonymous_801)
FN:6743,(anonymous_802)
FN:6753,(anonymous_803)
FN:6758,(anonymous_804)
FN:6766,(anonymous_805)
FN:6776,(anonymous_806)
FN:6777,t
FN:6785,(anonymous_808)
FN:6796,(anonymous_809)
FN:6806,(anonymous_810)
FN:6807,e
FN:6811,(anonymous_812)
FN:6825,(anonymous_813)
FN:6826,e
FN:6829,(anonymous_815)
FN:6832,(anonymous_816)
FN:6840,(anonymous_817)
FN:6843,(anonymous_818)
FN:6850,(anonymous_819)
FN:6857,(anonymous_820)
FN:6862,(anonymous_821)
FN:6869,(anonymous_822)
FN:6876,(anonymous_823)
FN:6881,(anonymous_824)
FN:6884,(anonymous_825)
FN:6887,(anonymous_826)
FN:6890,(anonymous_827)
FN:6900,(anonymous_828)
FN:6901,(anonymous_829)
FN:6908,(anonymous_830)
FN:6915,(anonymous_831)
FN:6918,(anonymous_832)
FN:6921,(anonymous_833)
FN:6926,(anonymous_834)
FN:6927,e
FN:6935,(anonymous_836)
FN:6946,(anonymous_837)
FN:6953,(anonymous_838)
FN:6960,(anonymous_839)
FN:6966,(anonymous_840)
FN:6975,(anonymous_841)
FN:6986,(anonymous_842)
FN:6990,(anonymous_843)
FN:6995,(anonymous_844)
FN:6996,(anonymous_845)
FN:6998,(anonymous_846)
FN:7000,(anonymous_847)
FN:7003,(anonymous_848)
FN:7026,(anonymous_849)
FN:7042,(anonymous_850)
FN:7043,e
FN:7064,(anonymous_852)
FN:7073,(anonymous_853)
FN:7080,(anonymous_854)
FN:7087,(anonymous_855)
FN:7094,(anonymous_856)
FN:7115,(anonymous_857)
FN:7137,(anonymous_858)
FN:7138,(anonymous_859)
FN:7158,(anonymous_860)
FN:7168,(anonymous_861)
FN:7182,(anonymous_862)
FN:7192,(anonymous_863)
FN:7209,(anonymous_864)
FN:7210,e
FN:7213,(anonymous_866)
FN:7216,(anonymous_867)
FN:7221,(anonymous_868)
FN:7226,(anonymous_869)
FN:7235,(anonymous_870)
FN:7236,e
FN:7240,(anonymous_872)
FN:7241,(anonymous_873)
FN:7248,(anonymous_874)
FN:7251,(anonymous_875)
FN:7261,(anonymous_876)
FN:7269,(anonymous_877)
FN:7277,(anonymous_878)
FN:7285,(anonymous_879)
FN:7294,(anonymous_880)
FN:7302,(anonymous_881)
FN:7310,(anonymous_882)
FN:7317,(anonymous_883)
FN:7324,(anonymous_884)
FN:7331,(anonymous_885)
FN:7338,(anonymous_886)
FN:7345,(anonymous_887)
FN:7352,(anonymous_888)
FN:7359,(anonymous_889)
FN:7364,(anonymous_890)
FN:7373,(anonymous_891)
FN:7376,(anonymous_892)
FN:7379,(anonymous_893)
FN:7384,(anonymous_894)
FN:7385,t
FN:7392,(anonymous_896)
FN:7394,(anonymous_897)
FN:7395,(anonymous_898)
FN:7411,(anonymous_899)
FN:7419,(anonymous_900)
FN:7430,(anonymous_901)
FN:7433,(anonymous_902)
FN:7436,(anonymous_903)
FN:7439,(anonymous_904)
FN:7483,(anonymous_905)
FN:7502,(anonymous_906)
FN:7509,(anonymous_907)
FN:7512,(anonymous_908)
FN:7513,e
FN:7519,(anonymous_910)
FN:7525,(anonymous_911)
FN:7527,(anonymous_912)
FN:7559,(anonymous_913)
FN:7568,(anonymous_914)
FN:7580,(anonymous_915)
FN:7582,(anonymous_916)
FN:7599,(anonymous_917)
FN:7602,(anonymous_918)
FN:7605,(anonymous_919)
FN:7616,(anonymous_920)
FN:7617,(anonymous_921)
FN:7621,(anonymous_922)
FN:7625,(anonymous_923)
FN:7637,(anonymous_924)
FN:7640,(anonymous_925)
FN:7643,(anonymous_926)
FN:7646,(anonymous_927)
FN:7652,(anonymous_928)
FN:7658,(anonymous_929)
FN:7660,(anonymous_930)
FN:7664,(anonymous_931)
FN:7670,(anonymous_932)
FN:7671,t
FN:7681,(anonymous_934)
FN:7682,t
FN:7690,(anonymous_936)
FN:7707,(anonymous_937)
FN:7710,(anonymous_938)
FN:7713,(anonymous_939)
FN:7714,t
FN:7722,(anonymous_941)
FN:7723,t
FN:7733,(anonymous_943)
FN:7736,(anonymous_944)
FN:7741,(anonymous_945)
FN:7754,(anonymous_946)
FN:7769,(anonymous_947)
FN:7782,(anonymous_948)
FN:7787,(anonymous_949)
FN:7793,(anonymous_950)
FN:7808,(anonymous_951)
FN:7813,(anonymous_952)
FN:7818,(anonymous_953)
FN:7819,t
FN:7826,(anonymous_955)
FN:7832,(anonymous_956)
FN:7838,(anonymous_957)
FN:7844,(anonymous_958)
FN:7854,(anonymous_959)
FN:7856,(anonymous_960)
FN:7861,(anonymous_961)
FN:7862,(anonymous_962)
FN:7865,(anonymous_963)
FN:7868,(anonymous_964)
FN:7870,(anonymous_965)
FN:7879,(anonymous_966)
FN:7881,u
FN:8022,(anonymous_968)
FN:8027,_
FN:8030,N
FN:8033,j
FN:8038,H
FN:8041,q
FN:8053,Y
FN:8054,(anonymous_975)
FN:8061,$
FN:8072,we
FN:8086,Ce
FN:8094,Ee
FN:8111,je
FN:8114,(anonymous_981)
FN:8123,(anonymous_982)
FN:8129,Ye
FN:8134,(anonymous_984)
FN:8135,(anonymous_985)
FN:8142,(anonymous_986)
FN:8159,(anonymous_987)
FN:8234,(anonymous_988)
FN:8245,(anonymous_989)
FN:8256,(anonymous_990)
FN:8257,(anonymous_991)
FN:8258,t
FN:8266,(anonymous_993)
FN:8269,(anonymous_994)
FN:8270,(anonymous_995)
FN:8304,(anonymous_996)
FN:8350,(anonymous_997)
FN:8355,(anonymous_998)
FN:8356,t
FN:8359,(anonymous_1000)
FN:8360,t
FN:8383,(anonymous_1002)
FN:8394,(anonymous_1003)
FN:8395,e
FN:8399,(anonymous_1005)
FN:8402,(anonymous_1006)
FN:8411,(anonymous_1007)
FN:8414,(anonymous_1008)
FN:8417,(anonymous_1009)
FN:8420,(anonymous_1010)
FN:8423,(anonymous_1011)
FN:8430,(anonymous_1012)
FN:8437,(anonymous_1013)
FN:8443,(anonymous_1014)
FN:8446,(anonymous_1015)
FN:8452,(anonymous_1016)
FN:8455,(anonymous_1017)
FN:8458,(anonymous_1018)
FN:8461,(anonymous_1019)
FN:8465,(anonymous_1020)
FN:8474,(anonymous_1021)
FN:8479,(anonymous_1022)
FN:8484,(anonymous_1023)
FN:8490,(anonymous_1024)
FN:8496,(anonymous_1025)
FN:8499,(anonymous_1026)
FN:8502,(anonymous_1027)
FN:8505,(anonymous_1028)
FN:8508,(anonymous_1029)
FN:8510,(anonymous_1030)
FN:8514,(anonymous_1031)
FN:8517,(anonymous_1032)
FN:8522,(anonymous_1033)
FN:8527,(anonymous_1034)
FN:8531,(anonymous_1035)
FN:8536,(anonymous_1036)
FN:8539,(anonymous_1037)
FN:8546,(anonymous_1038)
FN:8549,(anonymous_1039)
FN:8552,(anonymous_1040)
FN:8555,(anonymous_1041)
FN:8558,(anonymous_1042)
FN:8565,(anonymous_1043)
FN:8568,(anonymous_1044)
FN:8571,(anonymous_1045)
FN:8574,(anonymous_1046)
FN:8577,(anonymous_1047)
FN:8585,(anonymous_1048)
FN:8590,(anonymous_1049)
FN:8593,(anonymous_1050)
FN:8596,(anonymous_1051)
FN:8599,(anonymous_1052)
FN:8605,(anonymous_1053)
FN:8608,(anonymous_1054)
FN:8609,(anonymous_1055)
FN:8613,(anonymous_1056)
FN:8616,(anonymous_1057)
FN:8619,(anonymous_1058)
FN:8622,(anonymous_1059)
FN:8625,(anonymous_1060)
FN:8628,(anonymous_1061)
FN:8631,(anonymous_1062)
FN:8634,(anonymous_1063)
FN:8637,(anonymous_1064)
FN:8640,(anonymous_1065)
FN:8645,(anonymous_1066)
FN:8648,(anonymous_1067)
FN:8651,(anonymous_1068)
FN:8654,(anonymous_1069)
FN:8659,(anonymous_1070)
FN:8664,(anonymous_1071)
FN:8667,(anonymous_1072)
FN:8670,(anonymous_1073)
FN:8673,(anonymous_1074)
FN:8676,(anonymous_1075)
FN:8679,(anonymous_1076)
FN:8682,(anonymous_1077)
FN:8685,(anonymous_1078)
FN:8688,(anonymous_1079)
FN:8691,(anonymous_1080)
FN:8694,(anonymous_1081)
FN:8697,(anonymous_1082)
FN:8700,(anonymous_1083)
FN:8703,(anonymous_1084)
FN:8711,(anonymous_1085)
FN:8714,(anonymous_1086)
FN:8723,(anonymous_1087)
FN:8726,(anonymous_1088)
FN:8729,(anonymous_1089)
FN:8732,(anonymous_1090)
FN:8735,(anonymous_1091)
FN:8738,(anonymous_1092)
FN:8741,(anonymous_1093)
FN:8744,(anonymous_1094)
FN:8747,(anonymous_1095)
FN:8754,(anonymous_1096)
FN:8757,(anonymous_1097)
FN:8760,(anonymous_1098)
FN:8774,(anonymous_1099)
FN:8777,(anonymous_1100)
FN:8780,(anonymous_1101)
FN:8788,(anonymous_1102)
FN:8791,(anonymous_1103)
FN:8794,(anonymous_1104)
FN:8797,(anonymous_1105)
FN:8800,(anonymous_1106)
FN:8803,(anonymous_1107)
FN:8806,(anonymous_1108)
FN:8809,(anonymous_1109)
FN:8812,(anonymous_1110)
FN:8815,(anonymous_1111)
FN:8830,(anonymous_1112)
FN:8841,(anonymous_1113)
FN:8844,(anonymous_1114)
FN:8847,(anonymous_1115)
FN:8868,(anonymous_1116)
FN:8871,(anonymous_1117)
FN:8874,(anonymous_1118)
FN:8877,(anonymous_1119)
FN:8880,(anonymous_1120)
FN:8883,(anonymous_1121)
FN:8886,(anonymous_1122)
FN:8893,(anonymous_1123)
FN:8896,(anonymous_1124)
FN:8897,(anonymous_1125)
FN:8912,(anonymous_1126)
FN:8919,(anonymous_1127)
FN:8920,t
FN:8928,(anonymous_1129)
FN:8932,(anonymous_1130)
FN:8935,(anonymous_1131)
FN:8940,(anonymous_1132)
FN:8946,(anonymous_1133)
FN:8949,(anonymous_1134)
FN:8956,(anonymous_1135)
FN:8963,(anonymous_1136)
FN:8969,(anonymous_1137)
FN:8976,(anonymous_1138)
FN:8983,(anonymous_1139)
FN:8986,(anonymous_1140)
FN:8989,(anonymous_1141)
FN:8994,(anonymous_1142)
FN:8995,e
FN:8999,(anonymous_1144)
FN:9009,(anonymous_1145)
FN:9015,(anonymous_1146)
FN:9025,(anonymous_1147)
FN:9030,(anonymous_1148)
FN:9041,(anonymous_1149)
FN:9053,(anonymous_1150)
FN:9056,(anonymous_1151)
FN:9061,(anonymous_1152)
FN:9078,(anonymous_1153)
FN:9080,(anonymous_1154)
FN:9085,(anonymous_1155)
FN:9089,(anonymous_1156)
FN:9091,(anonymous_1157)
FN:9101,(anonymous_1158)
FN:9102,(anonymous_1159)
FN:9103,(anonymous_1160)
FN:9107,(anonymous_1161)
FN:9110,(anonymous_1162)
FN:9120,(anonymous_1163)
FN:9121,e
FN:9122,(anonymous_1165)
FN:9125,(anonymous_1166)
FN:9126,(anonymous_1167)
FN:9136,(anonymous_1168)
FN:9139,(anonymous_1169)
FN:9145,(anonymous_1170)
FN:9149,(anonymous_1171)
FN:9155,(anonymous_1172)
FN:9160,(anonymous_1173)
FN:9185,(anonymous_1174)
FN:9186,e
FN:9189,(anonymous_1176)
FN:9192,(anonymous_1177)
FN:9199,(anonymous_1178)
FN:9200,e
FN:9204,(anonymous_1180)
FN:9209,(anonymous_1181)
FN:9212,(anonymous_1182)
FN:9215,(anonymous_1183)
FN:9218,(anonymous_1184)
FN:9235,(anonymous_1185)
FN:9236,e
FN:9239,(anonymous_1187)
FN:9250,(anonymous_1188)
FN:9251,e
FN:9254,(anonymous_1190)
FN:9257,(anonymous_1191)
FN:9265,(anonymous_1192)
FN:9266,(anonymous_1193)
FN:9271,(anonymous_1194)
FN:9272,t
FN:9282,(anonymous_1196)
FN:9284,(anonymous_1197)
FN:9290,(anonymous_1198)
FN:9294,(anonymous_1199)
FN:9297,(anonymous_1200)
FN:9299,(anonymous_1201)
FN:9303,(anonymous_1202)
FN:9304,(anonymous_1203)
FN:9320,(anonymous_1204)
FN:9321,e
FN:9327,(anonymous_1206)
FN:9351,(anonymous_1207)
FN:9352,(anonymous_1208)
FN:9355,(anonymous_1209)
FN:9356,e
FN:9360,(anonymous_1211)
FN:9361,(anonymous_1212)
FN:9368,(anonymous_1213)
FN:9371,(anonymous_1214)
FN:9374,(anonymous_1215)
FN:9377,(anonymous_1216)
FN:9382,(anonymous_1217)
FN:9387,(anonymous_1218)
FN:9397,(anonymous_1219)
FN:9400,(anonymous_1220)
FN:9403,(anonymous_1221)
FN:9416,(anonymous_1222)
FN:9428,(anonymous_1223)
FN:9431,(anonymous_1224)
FN:9434,(anonymous_1225)
FN:9441,(anonymous_1226)
FN:9448,(anonymous_1227)
FN:9452,(anonymous_1228)
FN:9455,(anonymous_1229)
FN:9467,(anonymous_1230)
FN:9468,t
FN:9479,(anonymous_1232)
FN:9482,(anonymous_1233)
FN:9489,(anonymous_1234)
FN:9490,t
FN:9507,(anonymous_1236)
FN:9514,(anonymous_1237)
FN:9517,(anonymous_1238)
FN:9524,(anonymous_1239)
FN:9532,(anonymous_1240)
FN:9539,(anonymous_1241)
FN:9548,(anonymous_1242)
FN:9558,(anonymous_1243)
FN:9561,(anonymous_1244)
FN:9586,(anonymous_1245)
FN:9587,t
FN:9595,(anonymous_1247)
FN:9603,(anonymous_1248)
FN:9613,(anonymous_1249)
FN:9616,(anonymous_1250)
FN:9650,(anonymous_1251)
FN:9654,(anonymous_1252)
FN:9714,(anonymous_1253)
FN:9715,e
FN:9719,(anonymous_1255)
FN:9730,(anonymous_1256)
FN:9731,t
FN:9738,(anonymous_1258)
FN:9749,(anonymous_1259)
FN:9753,(anonymous_1260)
FN:9755,(anonymous_1261)
FN:9756,(anonymous_1262)
FN:9761,(anonymous_1263)
FN:9766,(anonymous_1264)
FN:9773,(anonymous_1265)
FN:9776,(anonymous_1266)
FN:9779,(anonymous_1267)
FN:9782,(anonymous_1268)
FN:9786,(anonymous_1269)
FN:9787,t
FN:9792,(anonymous_1271)
FN:9795,(anonymous_1272)
FN:9798,(anonymous_1273)
FN:9802,(anonymous_1274)
FN:9810,(anonymous_1275)
FN:9826,(anonymous_1276)
FN:9834,(anonymous_1277)
FN:9841,(anonymous_1278)
FN:9842,(anonymous_1279)
FN:9844,(anonymous_1280)
FN:9850,(anonymous_1281)
FN:9860,(anonymous_1282)
FN:9861,e
FN:9887,(anonymous_1284)
FN:9900,(anonymous_1285)
FN:9915,(anonymous_1286)
FN:9925,(anonymous_1287)
FN:9938,(anonymous_1288)
FN:9940,(anonymous_1289)
FN:9989,(anonymous_1290)
FN:9990,e
FN:9995,(anonymous_1292)
FN:10022,(anonymous_1293)
FN:10028,(anonymous_1294)
FN:10039,(anonymous_1295)
FN:10058,(anonymous_1296)
FN:10066,(anonymous_1297)
FN:10069,(anonymous_1298)
FN:10087,(anonymous_1299)
FN:10088,(anonymous_1300)
FN:10089,t
FN:10096,(anonymous_1302)
FN:10108,(anonymous_1303)
FN:10152,(anonymous_1304)
FN:10160,(anonymous_1305)
FN:10216,(anonymous_1306)
FN:10227,(anonymous_1307)
FN:10230,(anonymous_1308)
FN:10233,(anonymous_1309)
FN:10236,(anonymous_1310)
FN:10239,(anonymous_1311)
FN:10244,(anonymous_1312)
FN:10245,e
FN:10248,(anonymous_1314)
FN:10257,(anonymous_1315)
FN:10258,t
FN:10263,(anonymous_1317)
FN:10268,(anonymous_1318)
FN:10269,t
FN:10274,(anonymous_1320)
FN:10279,(anonymous_1321)
FN:10280,t
FN:10285,(anonymous_1323)
FN:10290,(anonymous_1324)
FN:10291,t
FN:10296,(anonymous_1326)
FN:10301,(anonymous_1327)
FN:10302,t
FN:10307,(anonymous_1329)
FN:10316,(anonymous_1330)
FN:10325,(anonymous_1331)
FN:10332,(anonymous_1332)
FN:10333,e
FN:10340,(anonymous_1334)
FN:10355,(anonymous_1335)
FN:10370,(anonymous_1336)
FN:10388,(anonymous_1337)
FN:10397,(anonymous_1338)
FN:10403,(anonymous_1339)
FN:10421,(anonymous_1340)
FNF:1341
FNH:392
FNDA:0,(anonymous_0)
FNDA:1,(anonymous_1)
FNDA:43,t
FNDA:1,(anonymous_3)
FNDA:65,(anonymous_4)
FNDA:0,(anonymous_5)
FNDA:0,(anonymous_6)
FNDA:0,(anonymous_7)
FNDA:65,(anonymous_8)
FNDA:0,(anonymous_9)
FNDA:1,(anonymous_10)
FNDA:1,(anonymous_11)
FNDA:1,(anonymous_12)
FNDA:1,(anonymous_13)
FNDA:2,(anonymous_14)
FNDA:1,(anonymous_15)
FNDA:1,u
FNDA:0,m
FNDA:1,(anonymous_18)
FNDA:0,t
FNDA:0,(anonymous_20)
FNDA:0,(anonymous_21)
FNDA:0,(anonymous_22)
FNDA:1,(anonymous_23)
FNDA:0,t
FNDA:0,(anonymous_25)
FNDA:0,(anonymous_26)
FNDA:0,(anonymous_27)
FNDA:1,(anonymous_28)
FNDA:1,t
FNDA:0,(anonymous_30)
FNDA:0,(anonymous_31)
FNDA:0,(anonymous_32)
FNDA:0,(anonymous_33)
FNDA:1,(anonymous_34)
FNDA:1,(anonymous_35)
FNDA:0,t
FNDA:0,(anonymous_37)
FNDA:0,(anonymous_38)
FNDA:0,(anonymous_39)
FNDA:1,(anonymous_40)
FNDA:0,t
FNDA:0,(anonymous_42)
FNDA:0,(anonymous_43)
FNDA:0,(anonymous_44)
FNDA:1,(anonymous_45)
FNDA:1,e
FNDA:0,(anonymous_47)
FNDA:1,(anonymous_48)
FNDA:0,t
FNDA:0,(anonymous_50)
FNDA:0,(anonymous_51)
FNDA:0,(anonymous_52)
FNDA:0,(anonymous_53)
FNDA:0,(anonymous_54)
FNDA:0,(anonymous_55)
FNDA:0,(anonymous_56)
FNDA:0,(anonymous_57)
FNDA:0,(anonymous_58)
FNDA:0,(anonymous_59)
FNDA:0,(anonymous_60)
FNDA:0,(anonymous_61)
FNDA:1,(anonymous_62)
FNDA:1,(anonymous_63)
FNDA:1,(anonymous_64)
FNDA:1,(anonymous_65)
FNDA:1,(anonymous_66)
FNDA:1,(anonymous_67)
FNDA:1,(anonymous_68)
FNDA:3,(anonymous_69)
FNDA:1,(anonymous_70)
FNDA:1,(anonymous_71)
FNDA:0,(anonymous_72)
FNDA:0,n
FNDA:0,(anonymous_74)
FNDA:0,(anonymous_75)
FNDA:1,(anonymous_76)
FNDA:0,l
FNDA:8,(anonymous_78)
FNDA:1,(anonymous_79)
FNDA:4,t
FNDA:0,(anonymous_81)
FNDA:0,(anonymous_82)
FNDA:1,(anonymous_83)
FNDA:0,(anonymous_84)
FNDA:0,(anonymous_85)
FNDA:0,(anonymous_86)
FNDA:1,(anonymous_87)
FNDA:0,(anonymous_88)
FNDA:0,(anonymous_89)
FNDA:0,(anonymous_90)
FNDA:1,(anonymous_91)
FNDA:2,t
FNDA:1,(anonymous_93)
FNDA:0,(anonymous_94)
FNDA:0,(anonymous_95)
FNDA:0,(anonymous_96)
FNDA:1,(anonymous_97)
FNDA:0,(anonymous_98)
FNDA:0,(anonymous_99)
FNDA:1,(anonymous_100)
FNDA:1,a
FNDA:1,(anonymous_102)
FNDA:0,h
FNDA:1,(anonymous_104)
FNDA:1,e
FNDA:0,(anonymous_106)
FNDA:1,(anonymous_107)
FNDA:0,t
FNDA:0,(anonymous_109)
FNDA:1,(anonymous_110)
FNDA:0,t
FNDA:0,(anonymous_112)
FNDA:0,(anonymous_113)
FNDA:0,(anonymous_114)
FNDA:0,(anonymous_115)
FNDA:1,(anonymous_116)
FNDA:0,t
FNDA:0,(anonymous_118)
FNDA:0,(anonymous_119)
FNDA:0,(anonymous_120)
FNDA:1,(anonymous_121)
FNDA:1,(anonymous_122)
FNDA:0,(anonymous_123)
FNDA:1,(anonymous_124)
FNDA:40,(anonymous_125)
FNDA:40,n
FNDA:1,(anonymous_127)
FNDA:0,(anonymous_128)
FNDA:0,(anonymous_129)
FNDA:0,(anonymous_130)
FNDA:1,(anonymous_131)
FNDA:0,a
FNDA:0,c
FNDA:0,p
FNDA:0,(anonymous_135)
FNDA:0,(anonymous_136)
FNDA:1,(anonymous_137)
FNDA:0,t
FNDA:0,(anonymous_139)
FNDA:4,(anonymous_140)
FNDA:1,(anonymous_141)
FNDA:7,e
FNDA:0,(anonymous_143)
FNDA:2,(anonymous_144)
FNDA:0,(anonymous_145)
FNDA:2,(anonymous_146)
FNDA:1,(anonymous_147)
FNDA:1,(anonymous_148)
FNDA:4,d
FNDA:0,o
FNDA:0,s
FNDA:4,(anonymous_152)
FNDA:0,(anonymous_153)
FNDA:1,x
FNDA:0,T
FNDA:0,(anonymous_156)
FNDA:0,k
FNDA:71,I
FNDA:0,O
FNDA:0,(anonymous_160)
FNDA:66,N
FNDA:0,Z
FNDA:0,W
FNDA:0,Q
FNDA:1,K
FNDA:2,J
FNDA:1,X
FNDA:2,ee
FNDA:0,te
FNDA:0,ie
FNDA:0,se
FNDA:0,de
FNDA:0,ve
FNDA:1,Te
FNDA:0,Se
FNDA:12,Me
FNDA:1,(anonymous_177)
FNDA:10,Pe
FNDA:10,De
FNDA:1,He
FNDA:1,Ze
FNDA:3,We
FNDA:2,Ge
FNDA:2,(anonymous_184)
FNDA:1,(anonymous_185)
FNDA:1,(anonymous_186)
FNDA:2,(anonymous_187)
FNDA:4,qe
FNDA:0,Ke
FNDA:0,Xe
FNDA:0,st
FNDA:0,(anonymous_192)
FNDA:0,ut
FNDA:0,(anonymous_194)
FNDA:0,ct
FNDA:0,lt
FNDA:0,dt
FNDA:0,(anonymous_198)
FNDA:0,ht
FNDA:0,vt
FNDA:0,Ct
FNDA:0,Pt
FNDA:0,Dt
FNDA:0,Rt
FNDA:0,Lt
FNDA:0,Ft
FNDA:0,Bt
FNDA:0,zt
FNDA:0,Ut
FNDA:0,Zt
FNDA:0,Wt
FNDA:0,Gt
FNDA:0,(anonymous_213)
FNDA:0,qt
FNDA:0,Yt
FNDA:76,Xt
FNDA:1,tn
FNDA:0,rn
FNDA:0,on
FNDA:0,sn
FNDA:0,un
FNDA:0,an
FNDA:0,cn
FNDA:0,ln
FNDA:0,dn
FNDA:0,fn
FNDA:1,pn
FNDA:0,hn
FNDA:2,vn
FNDA:0,(anonymous_230)
FNDA:0,(anonymous_231)
FNDA:28,yn
FNDA:33,(anonymous_233)
FNDA:0,gn
FNDA:2,bn
FNDA:1,(anonymous_236)
FNDA:0,_n
FNDA:0,wn
FNDA:0,Cn
FNDA:0,En
FNDA:0,xn
FNDA:1,kn
FNDA:2,In
FNDA:1,On
FNDA:0,(anonymous_245)
FNDA:1,(anonymous_246)
FNDA:1,Nn
FNDA:0,Sn
FNDA:0,An
FNDA:0,(anonymous_250)
FNDA:0,Mn
FNDA:0,(anonymous_252)
FNDA:0,(anonymous_253)
FNDA:0,(anonymous_254)
FNDA:0,(anonymous_255)
FNDA:27,jn
FNDA:1,Vn
FNDA:32,Hn
FNDA:17,Ln
FNDA:12,(anonymous_260)
FNDA:3,(anonymous_261)
FNDA:0,Fn
FNDA:0,Bn
FNDA:0,zn
FNDA:0,Un
FNDA:0,Zn
FNDA:1,Qn
FNDA:0,Yn
FNDA:0,Jn
FNDA:0,$n
FNDA:0,tr
FNDA:0,rr
FNDA:1,ir
FNDA:1,hr
FNDA:1,(anonymous_275)
FNDA:0,vr
FNDA:0,yr
FNDA:0,gr
FNDA:0,mr
FNDA:0,(anonymous_280)
FNDA:0,br
FNDA:0,(anonymous_282)
FNDA:0,_r
FNDA:0,Cr
FNDA:0,Er
FNDA:0,xr
FNDA:0,Tr
FNDA:0,kr
FNDA:0,Ir
FNDA:0,Or
FNDA:0,Nr
FNDA:0,Sr
FNDA:0,Ar
FNDA:0,Mr
FNDA:0,Pr
FNDA:0,Dr
FNDA:0,Rr
FNDA:1,jr
FNDA:0,(anonymous_299)
FNDA:1,Vr
FNDA:2,Hr
FNDA:0,Lr
FNDA:1,Fr
FNDA:0,Br
FNDA:1,zr
FNDA:1,Ur
FNDA:1,Zr
FNDA:0,Wr
FNDA:0,Qr
FNDA:0,Gr
FNDA:0,(anonymous_311)
FNDA:0,(anonymous_312)
FNDA:0,(anonymous_313)
FNDA:0,(anonymous_314)
FNDA:0,(anonymous_315)
FNDA:0,(anonymous_316)
FNDA:0,(anonymous_317)
FNDA:0,(anonymous_318)
FNDA:0,(anonymous_319)
FNDA:0,(anonymous_320)
FNDA:0,qr
FNDA:0,Yr
FNDA:0,(anonymous_323)
FNDA:0,(anonymous_324)
FNDA:0,Kr
FNDA:0,Jr
FNDA:0,(anonymous_327)
FNDA:0,(anonymous_328)
FNDA:0,$r
FNDA:0,eo
FNDA:0,to
FNDA:0,no
FNDA:0,ro
FNDA:1,io
FNDA:0,so
FNDA:1,uo
FNDA:0,ao
FNDA:0,co
FNDA:0,lo
FNDA:0,(anonymous_340)
FNDA:0,(anonymous_341)
FNDA:0,(anonymous_342)
FNDA:0,(anonymous_343)
FNDA:0,(anonymous_344)
FNDA:0,ho
FNDA:0,vo
FNDA:0,yo
FNDA:0,go
FNDA:0,r
FNDA:0,(anonymous_350)
FNDA:0,(anonymous_351)
FNDA:0,mo
FNDA:0,bo
FNDA:0,_o
FNDA:0,wo
FNDA:0,Co
FNDA:0,Io
FNDA:0,Oo
FNDA:0,No
FNDA:0,(anonymous_360)
FNDA:0,So
FNDA:0,(anonymous_362)
FNDA:0,Ao
FNDA:0,(anonymous_364)
FNDA:0,Mo
FNDA:0,Do
FNDA:0,Ro
FNDA:0,jo
FNDA:0,Ho
FNDA:0,Lo
FNDA:0,(anonymous_371)
FNDA:0,Fo
FNDA:1,Uo
FNDA:4,(anonymous_374)
FNDA:1,(anonymous_375)
FNDA:0,(anonymous_376)
FNDA:1,(anonymous_377)
FNDA:1,(anonymous_378)
FNDA:1,(anonymous_379)
FNDA:1,(anonymous_380)
FNDA:1,(anonymous_381)
FNDA:3,(anonymous_382)
FNDA:3,(anonymous_383)
FNDA:0,(anonymous_384)
FNDA:2,(anonymous_385)
FNDA:1,(anonymous_386)
FNDA:3,(anonymous_387)
FNDA:2,(anonymous_388)
FNDA:0,(anonymous_389)
FNDA:3,(anonymous_390)
FNDA:1,(anonymous_391)
FNDA:0,(anonymous_392)
FNDA:0,(anonymous_393)
FNDA:0,(anonymous_394)
FNDA:2,(anonymous_395)
FNDA:5,(anonymous_396)
FNDA:0,(anonymous_397)
FNDA:0,(anonymous_398)
FNDA:5,(anonymous_399)
FNDA:1,(anonymous_400)
FNDA:0,(anonymous_401)
FNDA:2,(anonymous_402)
FNDA:3,(anonymous_403)
FNDA:1,(anonymous_404)
FNDA:1,(anonymous_405)
FNDA:1,(anonymous_406)
FNDA:0,(anonymous_407)
FNDA:1,(anonymous_408)
FNDA:0,(anonymous_409)
FNDA:1,(anonymous_410)
FNDA:1,(anonymous_411)
FNDA:6,(anonymous_412)
FNDA:0,(anonymous_413)
FNDA:0,(anonymous_414)
FNDA:0,(anonymous_415)
FNDA:1,(anonymous_416)
FNDA:1,(anonymous_417)
FNDA:1,(anonymous_418)
FNDA:1,(anonymous_419)
FNDA:1,(anonymous_420)
FNDA:1,(anonymous_421)
FNDA:27,(anonymous_422)
FNDA:0,(anonymous_423)
FNDA:1,(anonymous_424)
FNDA:1,(anonymous_425)
FNDA:1,(anonymous_426)
FNDA:1,(anonymous_427)
FNDA:1,(anonymous_428)
FNDA:1,(anonymous_429)
FNDA:14,e
FNDA:12,(anonymous_431)
FNDA:1,(anonymous_432)
FNDA:1,(anonymous_433)
FNDA:0,(anonymous_434)
FNDA:1,(anonymous_435)
FNDA:1,e
FNDA:3,(anonymous_437)
FNDA:1,(anonymous_438)
FNDA:0,e
FNDA:2,(anonymous_440)
FNDA:0,(anonymous_441)
FNDA:1,(anonymous_442)
FNDA:1,(anonymous_443)
FNDA:1,(anonymous_444)
FNDA:2,e
FNDA:13,e
FNDA:11,(anonymous_447)
FNDA:11,(anonymous_448)
FNDA:25,(anonymous_449)
FNDA:27,e
FNDA:27,(anonymous_451)
FNDA:0,(anonymous_452)
FNDA:0,(anonymous_453)
FNDA:1,(anonymous_454)
FNDA:1,e
FNDA:1,(anonymous_456)
FNDA:1,(anonymous_457)
FNDA:2,(anonymous_458)
FNDA:1,(anonymous_459)
FNDA:1,(anonymous_460)
FNDA:1,e
FNDA:1,(anonymous_462)
FNDA:1,(anonymous_463)
FNDA:2,(anonymous_464)
FNDA:1,(anonymous_465)
FNDA:0,(anonymous_466)
FNDA:1,(anonymous_467)
FNDA:1,e
FNDA:0,(anonymous_469)
FNDA:0,(anonymous_470)
FNDA:0,(anonymous_471)
FNDA:1,(anonymous_472)
FNDA:0,e
FNDA:0,(anonymous_474)
FNDA:0,(anonymous_475)
FNDA:0,(anonymous_476)
FNDA:0,(anonymous_477)
FNDA:0,(anonymous_478)
FNDA:0,(anonymous_479)
FNDA:0,(anonymous_480)
FNDA:2,(anonymous_481)
FNDA:1,(anonymous_482)
FNDA:1,e
FNDA:0,(anonymous_484)
FNDA:1,(anonymous_485)
FNDA:0,e
FNDA:1,(anonymous_487)
FNDA:1,e
FNDA:1,(anonymous_489)
FNDA:1,(anonymous_490)
FNDA:1,t
FNDA:1,(anonymous_492)
FNDA:0,(anonymous_493)
FNDA:1,(anonymous_494)
FNDA:0,(anonymous_495)
FNDA:1,(anonymous_496)
FNDA:0,(anonymous_497)
FNDA:1,(anonymous_498)
FNDA:1,(anonymous_499)
FNDA:4,t
FNDA:3,(anonymous_501)
FNDA:2,(anonymous_502)
FNDA:0,(anonymous_503)
FNDA:0,(anonymous_504)
FNDA:0,(anonymous_505)
FNDA:0,(anonymous_506)
FNDA:1,(anonymous_507)
FNDA:0,(anonymous_508)
FNDA:0,(anonymous_509)
FNDA:0,(anonymous_510)
FNDA:0,(anonymous_511)
FNDA:0,(anonymous_512)
FNDA:0,(anonymous_513)
FNDA:0,(anonymous_514)
FNDA:0,(anonymous_515)
FNDA:0,(anonymous_516)
FNDA:0,(anonymous_517)
FNDA:0,(anonymous_518)
FNDA:0,(anonymous_519)
FNDA:0,(anonymous_520)
FNDA:0,(anonymous_521)
FNDA:0,(anonymous_522)
FNDA:1,(anonymous_523)
FNDA:1,e
FNDA:4,(anonymous_525)
FNDA:6,(anonymous_526)
FNDA:2,(anonymous_527)
FNDA:0,(anonymous_528)
FNDA:0,(anonymous_529)
FNDA:0,(anonymous_530)
FNDA:0,(anonymous_531)
FNDA:0,(anonymous_532)
FNDA:2,(anonymous_533)
FNDA:0,(anonymous_534)
FNDA:0,(anonymous_535)
FNDA:3,(anonymous_536)
FNDA:1,(anonymous_537)
FNDA:0,e
FNDA:0,(anonymous_539)
FNDA:0,(anonymous_540)
FNDA:0,(anonymous_541)
FNDA:0,(anonymous_542)
FNDA:1,(anonymous_543)
FNDA:0,e
FNDA:0,(anonymous_545)
FNDA:0,(anonymous_546)
FNDA:0,(anonymous_547)
FNDA:0,(anonymous_548)
FNDA:0,(anonymous_549)
FNDA:0,(anonymous_550)
FNDA:0,(anonymous_551)
FNDA:0,(anonymous_552)
FNDA:0,(anonymous_553)
FNDA:0,(anonymous_554)
FNDA:0,(anonymous_555)
FNDA:0,(anonymous_556)
FNDA:0,(anonymous_557)
FNDA:1,(anonymous_558)
FNDA:0,e
FNDA:0,(anonymous_560)
FNDA:0,(anonymous_561)
FNDA:0,(anonymous_562)
FNDA:0,(anonymous_563)
FNDA:0,(anonymous_564)
FNDA:0,(anonymous_565)
FNDA:0,(anonymous_566)
FNDA:0,(anonymous_567)
FNDA:1,(anonymous_568)
FNDA:1,e
FNDA:0,(anonymous_570)
FNDA:0,(anonymous_571)
FNDA:0,(anonymous_572)
FNDA:1,(anonymous_573)
FNDA:1,e
FNDA:1,(anonymous_575)
FNDA:1,(anonymous_576)
FNDA:0,(anonymous_577)
FNDA:1,(anonymous_578)
FNDA:0,(anonymous_579)
FNDA:1,(anonymous_580)
FNDA:1,(anonymous_581)
FNDA:1,(anonymous_582)
FNDA:1,(anonymous_583)
FNDA:0,(anonymous_584)
FNDA:0,(anonymous_585)
FNDA:0,(anonymous_586)
FNDA:1,(anonymous_587)
FNDA:1,(anonymous_588)
FNDA:0,(anonymous_589)
FNDA:3,(anonymous_590)
FNDA:0,(anonymous_591)
FNDA:0,(anonymous_592)
FNDA:0,(anonymous_593)
FNDA:2,(anonymous_594)
FNDA:1,(anonymous_595)
FNDA:1,e
FNDA:1,(anonymous_597)
FNDA:1,(anonymous_598)
FNDA:0,(anonymous_599)
FNDA:0,(anonymous_600)
FNDA:0,(anonymous_601)
FNDA:0,(anonymous_602)
FNDA:0,(anonymous_603)
FNDA:0,(anonymous_604)
FNDA:0,(anonymous_605)
FNDA:0,(anonymous_606)
FNDA:0,(anonymous_607)
FNDA:1,(anonymous_608)
FNDA:0,(anonymous_609)
FNDA:1,(anonymous_610)
FNDA:0,(anonymous_611)
FNDA:0,(anonymous_612)
FNDA:0,(anonymous_613)
FNDA:0,(anonymous_614)
FNDA:0,(anonymous_615)
FNDA:0,(anonymous_616)
FNDA:0,(anonymous_617)
FNDA:0,(anonymous_618)
FNDA:0,(anonymous_619)
FNDA:0,(anonymous_620)
FNDA:0,(anonymous_621)
FNDA:0,(anonymous_622)
FNDA:1,(anonymous_623)
FNDA:0,(anonymous_624)
FNDA:1,(anonymous_625)
FNDA:0,e
FNDA:0,(anonymous_627)
FNDA:0,(anonymous_628)
FNDA:0,(anonymous_629)
FNDA:0,(anonymous_630)
FNDA:0,(anonymous_631)
FNDA:0,(anonymous_632)
FNDA:0,(anonymous_633)
FNDA:0,(anonymous_634)
FNDA:0,(anonymous_635)
FNDA:0,(anonymous_636)
FNDA:0,e
FNDA:0,(anonymous_638)
FNDA:0,(anonymous_639)
FNDA:0,(anonymous_640)
FNDA:0,(anonymous_641)
FNDA:0,(anonymous_642)
FNDA:1,(anonymous_643)
FNDA:0,e
FNDA:0,(anonymous_645)
FNDA:0,(anonymous_646)
FNDA:0,(anonymous_647)
FNDA:0,(anonymous_648)
FNDA:0,(anonymous_649)
FNDA:1,(anonymous_650)
FNDA:0,t
FNDA:0,(anonymous_652)
FNDA:0,(anonymous_653)
FNDA:0,(anonymous_654)
FNDA:0,(anonymous_655)
FNDA:0,(anonymous_656)
FNDA:0,(anonymous_657)
FNDA:0,(anonymous_658)
FNDA:0,(anonymous_659)
FNDA:0,(anonymous_660)
FNDA:0,(anonymous_661)
FNDA:0,(anonymous_662)
FNDA:0,(anonymous_663)
FNDA:1,(anonymous_664)
FNDA:0,e
FNDA:0,(anonymous_666)
FNDA:0,(anonymous_667)
FNDA:0,(anonymous_668)
FNDA:1,(anonymous_669)
FNDA:0,e
FNDA:0,(anonymous_671)
FNDA:1,(anonymous_672)
FNDA:1,e
FNDA:0,(anonymous_674)
FNDA:0,(anonymous_675)
FNDA:0,(anonymous_676)
FNDA:1,(anonymous_677)
FNDA:0,e
FNDA:0,(anonymous_679)
FNDA:0,(anonymous_680)
FNDA:0,(anonymous_681)
FNDA:0,(anonymous_682)
FNDA:0,(anonymous_683)
FNDA:0,(anonymous_684)
FNDA:0,(anonymous_685)
FNDA:0,(anonymous_686)
FNDA:0,(anonymous_687)
FNDA:0,(anonymous_688)
FNDA:0,(anonymous_689)
FNDA:0,(anonymous_690)
FNDA:0,(anonymous_691)
FNDA:0,(anonymous_692)
FNDA:0,(anonymous_693)
FNDA:0,(anonymous_694)
FNDA:0,(anonymous_695)
FNDA:0,(anonymous_696)
FNDA:0,(anonymous_697)
FNDA:0,(anonymous_698)
FNDA:0,(anonymous_699)
FNDA:0,(anonymous_700)
FNDA:0,(anonymous_701)
FNDA:0,(anonymous_702)
FNDA:0,(anonymous_703)
FNDA:0,(anonymous_704)
FNDA:0,(anonymous_705)
FNDA:1,(anonymous_706)
FNDA:0,e
FNDA:0,(anonymous_708)
FNDA:0,(anonymous_709)
FNDA:0,(anonymous_710)
FNDA:1,(anonymous_711)
FNDA:0,e
FNDA:0,(anonymous_713)
FNDA:0,(anonymous_714)
FNDA:0,(anonymous_715)
FNDA:0,(anonymous_716)
FNDA:0,(anonymous_717)
FNDA:1,(anonymous_718)
FNDA:1,e
FNDA:0,(anonymous_720)
FNDA:0,(anonymous_721)
FNDA:1,(anonymous_722)
FNDA:0,e
FNDA:0,(anonymous_724)
FNDA:0,(anonymous_725)
FNDA:0,(anonymous_726)
FNDA:0,(anonymous_727)
FNDA:0,(anonymous_728)
FNDA:0,(anonymous_729)
FNDA:0,(anonymous_730)
FNDA:0,(anonymous_731)
FNDA:0,(anonymous_732)
FNDA:0,(anonymous_733)
FNDA:0,(anonymous_734)
FNDA:0,(anonymous_735)
FNDA:0,(anonymous_736)
FNDA:0,(anonymous_737)
FNDA:0,(anonymous_738)
FNDA:0,(anonymous_739)
FNDA:0,(anonymous_740)
FNDA:0,(anonymous_741)
FNDA:0,(anonymous_742)
FNDA:1,(anonymous_743)
FNDA:1,e
FNDA:0,(anonymous_745)
FNDA:0,(anonymous_746)
FNDA:0,(anonymous_747)
FNDA:0,(anonymous_748)
FNDA:0,(anonymous_749)
FNDA:1,(anonymous_750)
FNDA:1,e
FNDA:0,(anonymous_752)
FNDA:0,(anonymous_753)
FNDA:0,(anonymous_754)
FNDA:0,(anonymous_755)
FNDA:0,(anonymous_756)
FNDA:1,(anonymous_757)
FNDA:1,(anonymous_758)
FNDA:0,(anonymous_759)
FNDA:1,(anonymous_760)
FNDA:1,(anonymous_761)
FNDA:1,t
FNDA:1,(anonymous_763)
FNDA:1,(anonymous_764)
FNDA:1,(anonymous_765)
FNDA:1,(anonymous_766)
FNDA:0,t
FNDA:0,(anonymous_768)
FNDA:0,(anonymous_769)
FNDA:0,(anonymous_770)
FNDA:0,(anonymous_771)
FNDA:0,(anonymous_772)
FNDA:0,(anonymous_773)
FNDA:1,(anonymous_774)
FNDA:0,e
FNDA:0,(anonymous_776)
FNDA:0,(anonymous_777)
FNDA:0,(anonymous_778)
FNDA:0,(anonymous_779)
FNDA:0,(anonymous_780)
FNDA:0,(anonymous_781)
FNDA:0,(anonymous_782)
FNDA:0,(anonymous_783)
FNDA:0,(anonymous_784)
FNDA:0,(anonymous_785)
FNDA:0,(anonymous_786)
FNDA:0,(anonymous_787)
FNDA:0,(anonymous_788)
FNDA:0,(anonymous_789)
FNDA:0,(anonymous_790)
FNDA:1,(anonymous_791)
FNDA:0,e
FNDA:0,(anonymous_793)
FNDA:0,(anonymous_794)
FNDA:0,(anonymous_795)
FNDA:0,(anonymous_796)
FNDA:0,(anonymous_797)
FNDA:0,(anonymous_798)
FNDA:0,(anonymous_799)
FNDA:0,(anonymous_800)
FNDA:0,(anonymous_801)
FNDA:0,(anonymous_802)
FNDA:0,(anonymous_803)
FNDA:0,(anonymous_804)
FNDA:0,(anonymous_805)
FNDA:1,(anonymous_806)
FNDA:0,t
FNDA:0,(anonymous_808)
FNDA:0,(anonymous_809)
FNDA:1,(anonymous_810)
FNDA:0,e
FNDA:0,(anonymous_812)
FNDA:1,(anonymous_813)
FNDA:0,e
FNDA:0,(anonymous_815)
FNDA:0,(anonymous_816)
FNDA:0,(anonymous_817)
FNDA:0,(anonymous_818)
FNDA:0,(anonymous_819)
FNDA:0,(anonymous_820)
FNDA:0,(anonymous_821)
FNDA:0,(anonymous_822)
FNDA:0,(anonymous_823)
FNDA:0,(anonymous_824)
FNDA:0,(anonymous_825)
FNDA:0,(anonymous_826)
FNDA:0,(anonymous_827)
FNDA:0,(anonymous_828)
FNDA:0,(anonymous_829)
FNDA:0,(anonymous_830)
FNDA:0,(anonymous_831)
FNDA:0,(anonymous_832)
FNDA:0,(anonymous_833)
FNDA:1,(anonymous_834)
FNDA:1,e
FNDA:1,(anonymous_836)
FNDA:6,(anonymous_837)
FNDA:0,(anonymous_838)
FNDA:0,(anonymous_839)
FNDA:0,(anonymous_840)
FNDA:0,(anonymous_841)
FNDA:0,(anonymous_842)
FNDA:1,(anonymous_843)
FNDA:0,(anonymous_844)
FNDA:0,(anonymous_845)
FNDA:0,(anonymous_846)
FNDA:0,(anonymous_847)
FNDA:1,(anonymous_848)
FNDA:1,(anonymous_849)
FNDA:1,(anonymous_850)
FNDA:0,e
FNDA:0,(anonymous_852)
FNDA:0,(anonymous_853)
FNDA:0,(anonymous_854)
FNDA:0,(anonymous_855)
FNDA:0,(anonymous_856)
FNDA:0,(anonymous_857)
FNDA:0,(anonymous_858)
FNDA:0,(anonymous_859)
FNDA:0,(anonymous_860)
FNDA:0,(anonymous_861)
FNDA:0,(anonymous_862)
FNDA:0,(anonymous_863)
FNDA:1,(anonymous_864)
FNDA:0,e
FNDA:0,(anonymous_866)
FNDA:0,(anonymous_867)
FNDA:0,(anonymous_868)
FNDA:0,(anonymous_869)
FNDA:1,(anonymous_870)
FNDA:0,e
FNDA:0,(anonymous_872)
FNDA:0,(anonymous_873)
FNDA:0,(anonymous_874)
FNDA:0,(anonymous_875)
FNDA:0,(anonymous_876)
FNDA:0,(anonymous_877)
FNDA:0,(anonymous_878)
FNDA:0,(anonymous_879)
FNDA:0,(anonymous_880)
FNDA:0,(anonymous_881)
FNDA:0,(anonymous_882)
FNDA:0,(anonymous_883)
FNDA:0,(anonymous_884)
FNDA:0,(anonymous_885)
FNDA:0,(anonymous_886)
FNDA:0,(anonymous_887)
FNDA:0,(anonymous_888)
FNDA:0,(anonymous_889)
FNDA:0,(anonymous_890)
FNDA:0,(anonymous_891)
FNDA:0,(anonymous_892)
FNDA:0,(anonymous_893)
FNDA:1,(anonymous_894)
FNDA:1,t
FNDA:1,(anonymous_896)
FNDA:1,(anonymous_897)
FNDA:1,(anonymous_898)
FNDA:0,(anonymous_899)
FNDA:1,(anonymous_900)
FNDA:0,(anonymous_901)
FNDA:0,(anonymous_902)
FNDA:0,(anonymous_903)
FNDA:0,(anonymous_904)
FNDA:1,(anonymous_905)
FNDA:1,(anonymous_906)
FNDA:7,(anonymous_907)
FNDA:1,(anonymous_908)
FNDA:9,e
FNDA:2,(anonymous_910)
FNDA:2,(anonymous_911)
FNDA:2,(anonymous_912)
FNDA:2,(anonymous_913)
FNDA:0,(anonymous_914)
FNDA:0,(anonymous_915)
FNDA:0,(anonymous_916)
FNDA:0,(anonymous_917)
FNDA:0,(anonymous_918)
FNDA:0,(anonymous_919)
FNDA:0,(anonymous_920)
FNDA:0,(anonymous_921)
FNDA:0,(anonymous_922)
FNDA:0,(anonymous_923)
FNDA:0,(anonymous_924)
FNDA:0,(anonymous_925)
FNDA:0,(anonymous_926)
FNDA:0,(anonymous_927)
FNDA:0,(anonymous_928)
FNDA:1,(anonymous_929)
FNDA:0,(anonymous_930)
FNDA:1,(anonymous_931)
FNDA:1,(anonymous_932)
FNDA:0,t
FNDA:1,(anonymous_934)
FNDA:2,t
FNDA:0,(anonymous_936)
FNDA:1,(anonymous_937)
FNDA:1,(anonymous_938)
FNDA:1,(anonymous_939)
FNDA:0,t
FNDA:1,(anonymous_941)
FNDA:4,t
FNDA:0,(anonymous_943)
FNDA:0,(anonymous_944)
FNDA:3,(anonymous_945)
FNDA:0,(anonymous_946)
FNDA:0,(anonymous_947)
FNDA:0,(anonymous_948)
FNDA:2,(anonymous_949)
FNDA:2,(anonymous_950)
FNDA:0,(anonymous_951)
FNDA:0,(anonymous_952)
FNDA:1,(anonymous_953)
FNDA:0,t
FNDA:0,(anonymous_955)
FNDA:0,(anonymous_956)
FNDA:0,(anonymous_957)
FNDA:0,(anonymous_958)
FNDA:1,(anonymous_959)
FNDA:2,(anonymous_960)
FNDA:0,(anonymous_961)
FNDA:0,(anonymous_962)
FNDA:0,(anonymous_963)
FNDA:1,(anonymous_964)
FNDA:4,(anonymous_965)
FNDA:1,(anonymous_966)
FNDA:0,u
FNDA:0,(anonymous_968)
FNDA:0,_
FNDA:0,N
FNDA:2,j
FNDA:0,H
FNDA:0,q
FNDA:0,Y
FNDA:0,(anonymous_975)
FNDA:0,$
FNDA:0,we
FNDA:8,Ce
FNDA:5,Ee
FNDA:0,je
FNDA:0,(anonymous_981)
FNDA:0,(anonymous_982)
FNDA:1,Ye
FNDA:1,(anonymous_984)
FNDA:0,(anonymous_985)
FNDA:1,(anonymous_986)
FNDA:0,(anonymous_987)
FNDA:0,(anonymous_988)
FNDA:1,(anonymous_989)
FNDA:0,(anonymous_990)
FNDA:1,(anonymous_991)
FNDA:0,t
FNDA:0,(anonymous_993)
FNDA:0,(anonymous_994)
FNDA:0,(anonymous_995)
FNDA:1,(anonymous_996)
FNDA:0,(anonymous_997)
FNDA:1,(anonymous_998)
FNDA:1,t
FNDA:1,(anonymous_1000)
FNDA:1,t
FNDA:4,(anonymous_1002)
FNDA:1,(anonymous_1003)
FNDA:1,e
FNDA:0,(anonymous_1005)
FNDA:0,(anonymous_1006)
FNDA:0,(anonymous_1007)
FNDA:0,(anonymous_1008)
FNDA:0,(anonymous_1009)
FNDA:0,(anonymous_1010)
FNDA:0,(anonymous_1011)
FNDA:0,(anonymous_1012)
FNDA:0,(anonymous_1013)
FNDA:0,(anonymous_1014)
FNDA:1,(anonymous_1015)
FNDA:0,(anonymous_1016)
FNDA:0,(anonymous_1017)
FNDA:0,(anonymous_1018)
FNDA:0,(anonymous_1019)
FNDA:0,(anonymous_1020)
FNDA:0,(anonymous_1021)
FNDA:0,(anonymous_1022)
FNDA:0,(anonymous_1023)
FNDA:0,(anonymous_1024)
FNDA:0,(anonymous_1025)
FNDA:0,(anonymous_1026)
FNDA:0,(anonymous_1027)
FNDA:0,(anonymous_1028)
FNDA:0,(anonymous_1029)
FNDA:0,(anonymous_1030)
FNDA:0,(anonymous_1031)
FNDA:0,(anonymous_1032)
FNDA:0,(anonymous_1033)
FNDA:0,(anonymous_1034)
FNDA:0,(anonymous_1035)
FNDA:0,(anonymous_1036)
FNDA:0,(anonymous_1037)
FNDA:0,(anonymous_1038)
FNDA:0,(anonymous_1039)
FNDA:0,(anonymous_1040)
FNDA:0,(anonymous_1041)
FNDA:0,(anonymous_1042)
FNDA:0,(anonymous_1043)
FNDA:0,(anonymous_1044)
FNDA:0,(anonymous_1045)
FNDA:0,(anonymous_1046)
FNDA:0,(anonymous_1047)
FNDA:0,(anonymous_1048)
FNDA:0,(anonymous_1049)
FNDA:0,(anonymous_1050)
FNDA:0,(anonymous_1051)
FNDA:0,(anonymous_1052)
FNDA:0,(anonymous_1053)
FNDA:0,(anonymous_1054)
FNDA:0,(anonymous_1055)
FNDA:0,(anonymous_1056)
FNDA:0,(anonymous_1057)
FNDA:0,(anonymous_1058)
FNDA:0,(anonymous_1059)
FNDA:0,(anonymous_1060)
FNDA:0,(anonymous_1061)
FNDA:0,(anonymous_1062)
FNDA:0,(anonymous_1063)
FNDA:0,(anonymous_1064)
FNDA:0,(anonymous_1065)
FNDA:1,(anonymous_1066)
FNDA:0,(anonymous_1067)
FNDA:0,(anonymous_1068)
FNDA:0,(anonymous_1069)
FNDA:0,(anonymous_1070)
FNDA:0,(anonymous_1071)
FNDA:0,(anonymous_1072)
FNDA:0,(anonymous_1073)
FNDA:0,(anonymous_1074)
FNDA:0,(anonymous_1075)
FNDA:0,(anonymous_1076)
FNDA:0,(anonymous_1077)
FNDA:0,(anonymous_1078)
FNDA:0,(anonymous_1079)
FNDA:0,(anonymous_1080)
FNDA:0,(anonymous_1081)
FNDA:0,(anonymous_1082)
FNDA:5,(anonymous_1083)
FNDA:0,(anonymous_1084)
FNDA:0,(anonymous_1085)
FNDA:0,(anonymous_1086)
FNDA:0,(anonymous_1087)
FNDA:0,(anonymous_1088)
FNDA:0,(anonymous_1089)
FNDA:0,(anonymous_1090)
FNDA:0,(anonymous_1091)
FNDA:0,(anonymous_1092)
FNDA:0,(anonymous_1093)
FNDA:0,(anonymous_1094)
FNDA:0,(anonymous_1095)
FNDA:0,(anonymous_1096)
FNDA:0,(anonymous_1097)
FNDA:0,(anonymous_1098)
FNDA:0,(anonymous_1099)
FNDA:0,(anonymous_1100)
FNDA:0,(anonymous_1101)
FNDA:0,(anonymous_1102)
FNDA:0,(anonymous_1103)
FNDA:0,(anonymous_1104)
FNDA:0,(anonymous_1105)
FNDA:0,(anonymous_1106)
FNDA:0,(anonymous_1107)
FNDA:0,(anonymous_1108)
FNDA:0,(anonymous_1109)
FNDA:0,(anonymous_1110)
FNDA:0,(anonymous_1111)
FNDA:0,(anonymous_1112)
FNDA:0,(anonymous_1113)
FNDA:0,(anonymous_1114)
FNDA:0,(anonymous_1115)
FNDA:0,(anonymous_1116)
FNDA:0,(anonymous_1117)
FNDA:0,(anonymous_1118)
FNDA:0,(anonymous_1119)
FNDA:0,(anonymous_1120)
FNDA:0,(anonymous_1121)
FNDA:0,(anonymous_1122)
FNDA:0,(anonymous_1123)
FNDA:0,(anonymous_1124)
FNDA:0,(anonymous_1125)
FNDA:0,(anonymous_1126)
FNDA:1,(anonymous_1127)
FNDA:0,t
FNDA:0,(anonymous_1129)
FNDA:0,(anonymous_1130)
FNDA:0,(anonymous_1131)
FNDA:0,(anonymous_1132)
FNDA:0,(anonymous_1133)
FNDA:0,(anonymous_1134)
FNDA:0,(anonymous_1135)
FNDA:0,(anonymous_1136)
FNDA:0,(anonymous_1137)
FNDA:0,(anonymous_1138)
FNDA:0,(anonymous_1139)
FNDA:0,(anonymous_1140)
FNDA:0,(anonymous_1141)
FNDA:1,(anonymous_1142)
FNDA:0,e
FNDA:0,(anonymous_1144)
FNDA:0,(anonymous_1145)
FNDA:0,(anonymous_1146)
FNDA:0,(anonymous_1147)
FNDA:0,(anonymous_1148)
FNDA:0,(anonymous_1149)
FNDA:0,(anonymous_1150)
FNDA:0,(anonymous_1151)
FNDA:0,(anonymous_1152)
FNDA:0,(anonymous_1153)
FNDA:0,(anonymous_1154)
FNDA:0,(anonymous_1155)
FNDA:0,(anonymous_1156)
FNDA:0,(anonymous_1157)
FNDA:0,(anonymous_1158)
FNDA:0,(anonymous_1159)
FNDA:0,(anonymous_1160)
FNDA:0,(anonymous_1161)
FNDA:0,(anonymous_1162)
FNDA:1,(anonymous_1163)
FNDA:1,e
FNDA:1,(anonymous_1165)
FNDA:0,(anonymous_1166)
FNDA:0,(anonymous_1167)
FNDA:0,(anonymous_1168)
FNDA:0,(anonymous_1169)
FNDA:0,(anonymous_1170)
FNDA:0,(anonymous_1171)
FNDA:0,(anonymous_1172)
FNDA:0,(anonymous_1173)
FNDA:1,(anonymous_1174)
FNDA:0,e
FNDA:0,(anonymous_1176)
FNDA:0,(anonymous_1177)
FNDA:1,(anonymous_1178)
FNDA:1,e
FNDA:3,(anonymous_1180)
FNDA:0,(anonymous_1181)
FNDA:0,(anonymous_1182)
FNDA:0,(anonymous_1183)
FNDA:0,(anonymous_1184)
FNDA:1,(anonymous_1185)
FNDA:3,e
FNDA:0,(anonymous_1187)
FNDA:1,(anonymous_1188)
FNDA:1,e
FNDA:0,(anonymous_1190)
FNDA:0,(anonymous_1191)
FNDA:0,(anonymous_1192)
FNDA:0,(anonymous_1193)
FNDA:1,(anonymous_1194)
FNDA:1,t
FNDA:0,(anonymous_1196)
FNDA:0,(anonymous_1197)
FNDA:0,(anonymous_1198)
FNDA:0,(anonymous_1199)
FNDA:0,(anonymous_1200)
FNDA:0,(anonymous_1201)
FNDA:0,(anonymous_1202)
FNDA:0,(anonymous_1203)
FNDA:1,(anonymous_1204)
FNDA:1,e
FNDA:1,(anonymous_1206)
FNDA:0,(anonymous_1207)
FNDA:0,(anonymous_1208)
FNDA:1,(anonymous_1209)
FNDA:1,e
FNDA:0,(anonymous_1211)
FNDA:0,(anonymous_1212)
FNDA:0,(anonymous_1213)
FNDA:0,(anonymous_1214)
FNDA:0,(anonymous_1215)
FNDA:0,(anonymous_1216)
FNDA:0,(anonymous_1217)
FNDA:1,(anonymous_1218)
FNDA:0,(anonymous_1219)
FNDA:0,(anonymous_1220)
FNDA:0,(anonymous_1221)
FNDA:0,(anonymous_1222)
FNDA:0,(anonymous_1223)
FNDA:0,(anonymous_1224)
FNDA:0,(anonymous_1225)
FNDA:0,(anonymous_1226)
FNDA:0,(anonymous_1227)
FNDA:0,(anonymous_1228)
FNDA:0,(anonymous_1229)
FNDA:1,(anonymous_1230)
FNDA:0,t
FNDA:0,(anonymous_1232)
FNDA:0,(anonymous_1233)
FNDA:1,(anonymous_1234)
FNDA:0,t
FNDA:0,(anonymous_1236)
FNDA:0,(anonymous_1237)
FNDA:0,(anonymous_1238)
FNDA:0,(anonymous_1239)
FNDA:0,(anonymous_1240)
FNDA:0,(anonymous_1241)
FNDA:0,(anonymous_1242)
FNDA:0,(anonymous_1243)
FNDA:0,(anonymous_1244)
FNDA:1,(anonymous_1245)
FNDA:1,t
FNDA:1,(anonymous_1247)
FNDA:0,(anonymous_1248)
FNDA:0,(anonymous_1249)
FNDA:0,(anonymous_1250)
FNDA:0,(anonymous_1251)
FNDA:0,(anonymous_1252)
FNDA:1,(anonymous_1253)
FNDA:1,e
FNDA:0,(anonymous_1255)
FNDA:1,(anonymous_1256)
FNDA:1,t
FNDA:0,(anonymous_1258)
FNDA:0,(anonymous_1259)
FNDA:0,(anonymous_1260)
FNDA:0,(anonymous_1261)
FNDA:0,(anonymous_1262)
FNDA:0,(anonymous_1263)
FNDA:0,(anonymous_1264)
FNDA:0,(anonymous_1265)
FNDA:0,(anonymous_1266)
FNDA:0,(anonymous_1267)
FNDA:0,(anonymous_1268)
FNDA:1,(anonymous_1269)
FNDA:1,t
FNDA:0,(anonymous_1271)
FNDA:0,(anonymous_1272)
FNDA:0,(anonymous_1273)
FNDA:0,(anonymous_1274)
FNDA:0,(anonymous_1275)
FNDA:0,(anonymous_1276)
FNDA:0,(anonymous_1277)
FNDA:0,(anonymous_1278)
FNDA:0,(anonymous_1279)
FNDA:0,(anonymous_1280)
FNDA:0,(anonymous_1281)
FNDA:1,(anonymous_1282)
FNDA:0,e
FNDA:0,(anonymous_1284)
FNDA:0,(anonymous_1285)
FNDA:0,(anonymous_1286)
FNDA:0,(anonymous_1287)
FNDA:0,(anonymous_1288)
FNDA:0,(anonymous_1289)
FNDA:1,(anonymous_1290)
FNDA:0,e
FNDA:0,(anonymous_1292)
FNDA:0,(anonymous_1293)
FNDA:0,(anonymous_1294)
FNDA:0,(anonymous_1295)
FNDA:0,(anonymous_1296)
FNDA:0,(anonymous_1297)
FNDA:0,(anonymous_1298)
FNDA:1,(anonymous_1299)
FNDA:1,(anonymous_1300)
FNDA:1,t
FNDA:0,(anonymous_1302)
FNDA:0,(anonymous_1303)
FNDA:0,(anonymous_1304)
FNDA:0,(anonymous_1305)
FNDA:0,(anonymous_1306)
FNDA:0,(anonymous_1307)
FNDA:0,(anonymous_1308)
FNDA:0,(anonymous_1309)
FNDA:0,(anonymous_1310)
FNDA:0,(anonymous_1311)
FNDA:1,(anonymous_1312)
FNDA:0,e
FNDA:0,(anonymous_1314)
FNDA:1,(anonymous_1315)
FNDA:0,t
FNDA:0,(anonymous_1317)
FNDA:1,(anonymous_1318)
FNDA:0,t
FNDA:0,(anonymous_1320)
FNDA:1,(anonymous_1321)
FNDA:0,t
FNDA:0,(anonymous_1323)
FNDA:1,(anonymous_1324)
FNDA:0,t
FNDA:0,(anonymous_1326)
FNDA:1,(anonymous_1327)
FNDA:0,t
FNDA:0,(anonymous_1329)
FNDA:1,(anonymous_1330)
FNDA:1,(anonymous_1331)
FNDA:1,(anonymous_1332)
FNDA:1,e
FNDA:0,(anonymous_1334)
FNDA:1,(anonymous_1335)
FNDA:1,(anonymous_1336)
FNDA:1,(anonymous_1337)
FNDA:0,(anonymous_1338)
FNDA:1,(anonymous_1339)
FNDA:1,(anonymous_1340)
DA:1,1
DA:2,1
DA:4,43
DA:5,26
DA:7,17
DA:8,17
DA:9,17
DA:10,17
DA:12,1
DA:13,1
DA:14,1
DA:18,1
DA:19,1
DA:20,1
DA:21,0
DA:23,1
DA:25,1
DA:26,18
DA:27,18
DA:30,1
DA:31,0
DA:33,1
DA:34,1
DA:35,1
DA:38,1
DA:40,1
DA:41,1
DA:42,1
DA:43,1
DA:44,1
DA:45,65
DA:46,65
DA:53,1
DA:55,0
DA:57,0
DA:60,0
DA:62,0
DA:63,0
DA:65,1
DA:66,65
DA:68,1
DA:69,1
DA:70,0
DA:71,0
DA:74,1
DA:79,1
DA:80,1
DA:82,1
DA:84,1
DA:85,1
DA:86,1
DA:87,1
DA:89,0
DA:90,0
DA:93,0
DA:95,1
DA:100,1
DA:101,2
DA:107,1
DA:110,0
DA:112,1
DA:113,1
DA:114,1
DA:116,0
DA:117,0
DA:118,0
DA:119,0
DA:120,0
DA:121,0
DA:124,1
DA:125,1
DA:126,1
DA:127,0
DA:129,1
DA:130,0
DA:131,0
DA:132,0
DA:133,0
DA:135,0
DA:136,0
DA:137,0
DA:138,0
DA:142,1
DA:143,0
DA:144,0
DA:145,0
DA:146,0
DA:152,0
DA:153,0
DA:154,0
DA:157,1
DA:159,1
DA:161,0
DA:162,0
DA:164,1
DA:165,1
DA:166,1
DA:167,0
DA:169,1
DA:170,0
DA:172,1
DA:173,0
DA:174,0
DA:175,0
DA:177,0
DA:179,1
DA:181,1
DA:183,1
DA:184,1
DA:185,1
DA:186,1
DA:187,0
DA:188,0
DA:191,1
DA:192,1
DA:193,1
DA:194,0
DA:196,1
DA:197,0
DA:198,0
DA:199,0
DA:201,0
DA:202,0
DA:203,0
DA:205,0
DA:207,0
DA:208,0
DA:209,0
DA:210,0
DA:211,0
DA:213,0
DA:216,1
DA:217,0
DA:218,0
DA:219,0
DA:220,0
DA:221,0
DA:223,0
DA:224,0
DA:225,0
DA:226,0
DA:230,1
DA:231,0
DA:232,0
DA:233,0
DA:234,0
DA:235,0
DA:242,0
DA:243,0
DA:245,0
DA:247,1
DA:249,1
DA:250,1
DA:251,1
DA:252,1
DA:253,1
DA:254,1
DA:255,1
DA:256,0
DA:258,1
DA:260,0
DA:261,0
DA:262,0
DA:264,0
DA:265,0
DA:266,0
DA:267,0
DA:268,0
DA:269,0
DA:274,0
DA:278,0
DA:280,1
DA:281,1
DA:283,0
DA:284,0
DA:285,0
DA:286,0
DA:287,0
DA:289,1
DA:290,1
DA:291,1
DA:292,0
DA:300,1
DA:301,0
DA:302,0
DA:304,1
DA:305,0
DA:306,0
DA:308,1
DA:310,1
DA:311,1
DA:313,0
DA:315,1
DA:316,1
DA:317,1
DA:318,0
DA:320,1
DA:321,0
DA:323,1
DA:324,0
DA:326,1
DA:328,1
DA:330,1
DA:331,0
DA:333,1
DA:334,1
DA:335,1
DA:337,1
DA:338,0
DA:342,1
DA:344,1
DA:346,0
DA:347,0
DA:349,0
DA:350,0
DA:351,0
DA:352,0
DA:353,0
DA:354,0
DA:355,0
DA:356,0
DA:358,1
DA:359,1
DA:360,1
DA:361,0
DA:362,0
DA:364,0
DA:367,1
DA:369,0
DA:370,0
DA:371,0
DA:373,0
DA:374,0
DA:376,0
DA:377,0
DA:379,1
DA:380,0
DA:383,0
DA:384,0
DA:385,0
DA:387,0
DA:388,0
DA:389,0
DA:390,0
DA:391,0
DA:393,0
DA:394,0
DA:397,0
DA:398,0
DA:399,0
DA:400,0
DA:402,0
DA:403,0
DA:406,0
DA:411,0
DA:414,0
DA:415,0
DA:416,0
DA:420,0
DA:424,0
DA:425,0
DA:428,0
DA:430,0
DA:431,0
DA:432,0
DA:433,0
DA:434,0
DA:435,0
DA:437,0
DA:438,0
DA:439,0
DA:442,0
DA:443,0
DA:444,0
DA:445,0
DA:447,0
DA:453,0
DA:454,0
DA:463,0
DA:467,1
DA:468,0
DA:469,0
DA:470,0
DA:473,1
DA:474,0
DA:475,0
DA:477,0
DA:480,1
DA:482,0
DA:483,0
DA:485,0
DA:486,0
DA:488,0
DA:490,1
DA:491,0
DA:492,0
DA:493,0
DA:494,0
DA:495,0
DA:496,0
DA:497,0
DA:500,1
DA:502,1
DA:503,1
DA:504,1
DA:505,2
DA:507,1
DA:508,1
DA:509,1
DA:510,1
DA:511,0
DA:512,0
DA:513,0
DA:515,1
DA:516,0
DA:518,1
DA:519,0
DA:521,1
DA:522,1
DA:523,1
DA:524,0
DA:526,1
DA:527,1
DA:528,0
DA:530,1
DA:531,1
DA:532,0
DA:533,0
DA:535,1
DA:543,1
DA:547,1
DA:548,1
DA:549,3
DA:551,1
DA:553,1
DA:557,1
DA:562,1
DA:563,1
DA:565,1
DA:566,1
DA:568,0
DA:569,0
DA:572,1
DA:576,0
DA:577,0
DA:580,0
DA:581,0
DA:583,0
DA:584,0
DA:585,0
DA:590,0
DA:592,1
DA:593,8
DA:595,1
DA:596,1
DA:597,1
DA:598,1
DA:599,1
DA:600,1
DA:602,4
DA:609,2
DA:610,2
DA:612,0
DA:613,0
DA:614,0
DA:616,0
DA:617,0
DA:618,0
DA:619,0
DA:620,0
DA:621,0
DA:623,0
DA:624,0
DA:626,0
DA:629,2
DA:630,2
DA:633,1
DA:634,1
DA:635,1
DA:636,0
DA:638,1
DA:639,0
DA:640,0
DA:641,0
DA:643,1
DA:644,1
DA:645,1
DA:648,1
DA:649,0
DA:650,0
DA:651,0
DA:654,1
DA:655,0
DA:656,0
DA:657,0
DA:660,1
DA:661,0
DA:662,0
DA:663,0
DA:666,1
DA:667,1
DA:669,1
DA:670,0
DA:671,0
DA:673,1
DA:674,0
DA:675,0
DA:677,1
DA:678,0
DA:679,0
DA:680,0
DA:681,0
DA:682,0
DA:683,0
DA:684,0
DA:685,0
DA:686,0
DA:687,0
DA:689,1
DA:691,1
DA:694,2
DA:695,2
DA:696,2
DA:697,2
DA:698,2
DA:699,0
DA:700,0
DA:701,0
DA:702,0
DA:703,0
DA:704,0
DA:705,0
DA:706,0
DA:708,0
DA:711,2
DA:712,2
DA:713,2
DA:714,2
DA:716,1
DA:717,1
DA:718,1
DA:719,1
DA:720,1
DA:721,1
DA:722,0
DA:723,0
DA:726,1
DA:730,1
DA:731,0
DA:732,0
DA:733,0
DA:734,0
DA:735,0
DA:736,0
DA:738,0
DA:739,0
DA:742,0
DA:743,0
DA:744,0
DA:746,0
DA:747,0
DA:748,0
DA:752,1
DA:753,0
DA:754,0
DA:755,0
DA:756,0
DA:757,0
DA:758,0
DA:760,0
DA:761,0
DA:762,0
DA:764,0
DA:765,0
DA:768,0
DA:772,1
DA:773,1
DA:774,1
DA:776,0
DA:777,0
DA:780,1
DA:781,0
DA:782,0
DA:784,0
DA:785,0
DA:786,0
DA:788,0
DA:790,1
DA:791,0
DA:792,0
DA:793,0
DA:794,0
DA:796,1
DA:802,1
DA:803,1
DA:807,0
DA:809,1
DA:810,1
DA:811,1
DA:812,1
DA:813,1
DA:814,1
DA:816,1
DA:818,1
DA:819,0
DA:820,0
DA:821,0
DA:822,0
DA:823,0
DA:824,0
DA:826,0
DA:828,1
DA:830,1
DA:832,0
DA:833,0
DA:835,1
DA:836,1
DA:837,1
DA:838,0
DA:839,0
DA:840,0
DA:841,0
DA:842,0
DA:843,0
DA:844,0
DA:845,0
DA:847,0
DA:848,0
DA:849,0
DA:850,0
DA:851,0
DA:855,0
DA:858,1
DA:860,1
DA:862,0
DA:863,0
DA:864,0
DA:865,0
DA:866,0
DA:868,1
DA:869,1
DA:870,1
DA:871,0
DA:873,1
DA:874,0
DA:875,0
DA:876,0
DA:878,0
DA:880,1
DA:881,0
DA:882,0
DA:883,0
DA:884,0
DA:887,0
DA:888,0
DA:889,0
DA:891,0
DA:894,0
DA:896,1
DA:897,0
DA:899,1
DA:901,1
DA:912,1
DA:914,0
DA:915,0
DA:917,1
DA:918,1
DA:919,1
DA:920,0
DA:921,0
DA:923,1
DA:924,0
DA:925,0
DA:926,0
DA:928,1
DA:929,0
DA:930,0
DA:931,0
DA:932,0
DA:933,0
DA:934,0
DA:935,0
DA:936,0
DA:937,0
DA:941,1
DA:943,1
DA:944,1
DA:948,1
DA:951,0
DA:953,1
DA:954,1
DA:955,1
DA:956,1
DA:964,1
DA:966,40
DA:968,40
DA:969,40
DA:974,1
DA:975,1
DA:978,1
DA:981,0
DA:984,0
DA:985,0
DA:986,0
DA:991,1
DA:994,0
DA:995,0
DA:996,0
DA:997,0
DA:998,0
DA:1002,0
DA:1008,0
DA:1009,0
DA:1011,0
DA:1012,0
DA:1016,0
DA:1017,0
DA:1020,0
DA:1021,0
DA:1026,1
DA:1028,0
DA:1030,1
DA:1031,1
DA:1032,1
DA:1033,1
DA:1034,1
DA:1036,0
DA:1037,0
DA:1038,0
DA:1045,0
DA:1050,0
DA:1051,0
DA:1052,0
DA:1054,1
DA:1055,1
DA:1056,1
DA:1058,1
DA:1059,4
DA:1061,1
DA:1063,7
DA:1064,7
DA:1065,7
DA:1066,7
DA:1067,7
DA:1068,0
DA:1072,1
DA:1074,0
DA:1075,0
DA:1076,0
DA:1077,0
DA:1078,0
DA:1079,0
DA:1080,0
DA:1081,0
DA:1082,0
DA:1083,0
DA:1084,0
DA:1085,0
DA:1086,0
DA:1087,0
DA:1089,0
DA:1090,0
DA:1091,0
DA:1093,0
DA:1094,0
DA:1095,0
DA:1096,0
DA:1097,0
DA:1098,0
DA:1099,0
DA:1100,0
DA:1101,0
DA:1102,0
DA:1104,0
DA:1109,0
DA:1110,0
DA:1114,1
DA:1115,2
DA:1116,0
DA:1118,2
DA:1119,0
DA:1121,2
DA:1122,2
DA:1124,0
DA:1126,2
DA:1127,0
DA:1129,2
DA:1130,0
DA:1131,0
DA:1133,2
DA:1134,0
DA:1135,0
DA:1137,2
DA:1139,0
DA:1143,2
DA:1144,2
DA:1145,2
DA:1147,1
DA:1148,0
DA:1149,0
DA:1150,0
DA:1151,0
DA:1152,0
DA:1156,1
DA:1157,2
DA:1158,2
DA:1159,2
DA:1160,0
DA:1161,0
DA:1162,0
DA:1165,0
DA:1168,2
DA:1171,1
DA:1172,1
DA:1177,1
DA:1181,0
DA:1188,0
DA:1190,0
DA:1191,0
DA:1193,0
DA:1194,0
DA:1195,0
DA:1197,0
DA:1198,0
DA:1199,0
DA:1202,0
DA:1203,0
DA:1204,0
DA:1206,4
DA:1207,4
DA:1208,4
DA:1209,0
DA:1210,0
DA:1211,0
DA:1213,0
DA:1214,0
DA:1215,0
DA:1216,0
DA:1221,4
DA:1222,0
DA:1224,4
DA:1225,4
DA:1226,4
DA:1229,1
DA:1230,1
DA:1231,1
DA:1232,1
DA:1234,0
DA:1235,0
DA:1236,0
DA:1237,0
DA:1242,0
DA:1247,1
DA:1250,0
DA:1251,0
DA:1252,0
DA:1253,0
DA:1257,0
DA:1261,0
DA:1270,71
DA:1271,0
DA:1273,71
DA:1274,1
DA:1276,70
DA:1277,0
DA:1279,70
DA:1280,0
DA:1282,70
DA:1283,53
DA:1285,17
DA:1286,17
DA:1287,0
DA:1289,17
DA:1290,17
DA:1291,17
DA:1293,0
DA:1297,0
DA:1298,0
DA:1299,0
DA:1301,0
DA:1304,66
DA:1309,0
DA:1311,66
DA:1315,0
DA:1318,0
DA:1319,0
DA:1321,0
DA:1322,0
DA:1323,0
DA:1324,0
DA:1325,0
DA:1326,0
DA:1327,0
DA:1328,0
DA:1329,0
DA:1330,0
DA:1335,0
DA:1337,0
DA:1347,0
DA:1350,1
DA:1353,2
DA:1356,1
DA:1357,1
DA:1358,2
DA:1360,1
DA:1363,2
DA:1366,0
DA:1369,0
DA:1372,0
DA:1375,0
DA:1378,0
DA:1383,0
DA:1384,0
DA:1387,1
DA:1391,12
DA:1392,1
DA:1393,1
DA:1394,1
DA:1396,1
DA:1397,1
DA:1398,1
DA:1399,1
DA:1400,1
DA:1403,1
DA:1410,10
DA:1411,10
DA:1412,1
DA:1413,1
DA:1417,10
DA:1418,10
DA:1421,1
DA:1424,1
DA:1425,0
DA:1427,1
DA:1430,3
DA:1431,3
DA:1434,2
DA:1435,0
DA:1437,2
DA:1438,2
DA:1439,2
DA:1440,2
DA:1441,1
DA:1443,2
DA:1444,2
DA:1445,2
DA:1446,1
DA:1448,1
DA:1449,1
DA:1450,1
DA:1451,1
DA:1452,0
DA:1456,1
DA:1457,1
DA:1458,1
DA:1459,1
DA:1460,1
DA:1466,2
DA:1467,2
DA:1468,2
DA:1469,2
DA:1470,0
DA:1472,2
DA:1473,0
DA:1477,2
DA:1482,4
DA:1483,2
DA:1485,2
DA:1489,0
DA:1490,0
DA:1492,0
DA:1496,0
DA:1497,0
DA:1498,0
DA:1502,0
DA:1503,0
DA:1504,0
DA:1505,0
DA:1507,0
DA:1512,0
DA:1513,0
DA:1514,0
DA:1515,0
DA:1517,0
DA:1518,0
DA:1524,0
DA:1527,0
DA:1530,0
DA:1531,0
DA:1532,0
DA:1533,0
DA:1534,0
DA:1535,0
DA:1536,0
DA:1537,0
DA:1538,0
DA:1539,0
DA:1541,0
DA:1542,0
DA:1544,0
DA:1545,0
DA:1550,0
DA:1562,0
DA:1567,0
DA:1570,0
DA:1571,0
DA:1572,0
DA:1574,0
DA:1575,0
DA:1576,0
DA:1578,0
DA:1581,0
DA:1584,0
DA:1587,0
DA:1590,0
DA:1591,0
DA:1592,0
DA:1593,0
DA:1594,0
DA:1595,0
DA:1597,0
DA:1601,0
DA:1608,0
DA:1611,0
DA:1614,0
DA:1617,0
DA:1620,0
DA:1624,0
DA:1629,0
DA:1630,0
DA:1633,0
DA:1634,0
DA:1635,0
DA:1636,0
DA:1640,0
DA:1641,0
DA:1644,0
DA:1649,76
DA:1650,76
DA:1651,42
DA:1652,42
DA:1654,76
DA:1657,1
DA:1665,0
DA:1668,0
DA:1673,0
DA:1674,0
DA:1675,0
DA:1676,0
DA:1685,0
DA:1686,0
DA:1687,0
DA:1689,0
DA:1693,0
DA:1694,0
DA:1695,0
DA:1699,0
DA:1700,0
DA:1701,0
DA:1703,0
DA:1707,0
DA:1708,0
DA:1710,0
DA:1714,0
DA:1715,0
DA:1717,0
DA:1721,0
DA:1723,0
DA:1725,0
DA:1729,1
DA:1732,0
DA:1735,2
DA:1736,2
DA:1737,2
DA:1738,2
DA:1739,0
DA:1740,0
DA:1741,0
DA:1742,0
DA:1743,0
DA:1744,0
DA:1745,0
DA:1746,0
DA:1749,0
DA:1753,2
DA:1756,28
DA:1759,33
DA:1760,7
DA:1761,7
DA:1763,26
DA:1764,26
DA:1766,33
DA:1767,33
DA:1769,33
DA:1773,0
DA:1774,0
DA:1775,0
DA:1781,0
DA:1783,0
DA:1786,0
DA:1790,2
DA:1791,2
DA:1792,2
DA:1793,1
DA:1795,2
DA:1797,2
DA:1800,0
DA:1801,0
DA:1803,0
DA:1806,0
DA:1807,0
DA:1808,0
DA:1809,0
DA:1811,0
DA:1815,0
DA:1816,0
DA:1818,0
DA:1819,0
DA:1820,0
DA:1821,0
DA:1822,0
DA:1823,0
DA:1824,0
DA:1826,0
DA:1828,0
DA:1829,0
DA:1830,0
DA:1831,0
DA:1832,0
DA:1838,0
DA:1839,0
DA:1841,0
DA:1842,0
DA:1843,0
DA:1844,0
DA:1846,0
DA:1847,0
DA:1850,0
DA:1852,0
DA:1853,0
DA:1854,0
DA:1855,0
DA:1858,0
DA:1859,0
DA:1864,0
DA:1865,0
DA:1867,0
DA:1868,0
DA:1870,0
DA:1871,0
DA:1873,0
DA:1874,0
DA:1876,0
DA:1880,1
DA:1881,0
DA:1882,0
DA:1884,1
DA:1887,2
DA:1888,2
DA:1889,0
DA:1891,2
DA:1894,1
DA:1895,0
DA:1897,1
DA:1898,1
DA:1900,1
DA:1901,1
DA:1902,1
DA:1903,1
DA:1904,1
DA:1905,1
DA:1906,1
DA:1907,1
DA:1908,1
DA:1910,1
DA:1911,1
DA:1912,1
DA:1913,0
DA:1914,0
DA:1915,0
DA:1916,0
DA:1917,0
DA:1918,0
DA:1919,0
DA:1920,0
DA:1921,0
DA:1923,0
DA:1924,0
DA:1927,0
DA:1929,0
DA:1938,1
DA:1939,1
DA:1940,1
DA:1941,0
DA:1942,0
DA:1945,1
DA:1946,0
DA:1947,0
DA:1948,0
DA:1950,1
DA:1951,1
DA:1952,1
DA:1954,1
DA:1957,1
DA:1959,1
DA:1960,0
DA:1962,1
DA:1964,1
DA:1965,1
DA:1967,1
DA:2006,1
DA:2007,1
DA:2008,1
DA:2009,1
DA:2010,0
DA:2011,0
DA:2012,0
DA:2013,0
DA:2016,1
DA:2018,0
DA:2019,0
DA:2020,0
DA:2021,0
DA:2024,0
DA:2027,0
DA:2028,0
DA:2029,0
DA:2034,0
DA:2035,0
DA:2036,0
DA:2037,0
DA:2038,0
DA:2040,0
DA:2041,0
DA:2047,0
DA:2048,0
DA:2052,0
DA:2053,0
DA:2055,0
DA:2056,0
DA:2057,0
DA:2058,0
DA:2059,0
DA:2061,0
DA:2062,0
DA:2063,0
DA:2064,0
DA:2065,0
DA:2066,0
DA:2067,0
DA:2069,0
DA:2072,0
DA:2074,0
DA:2075,0
DA:2076,0
DA:2077,0
DA:2079,0
DA:2082,0
DA:2084,0
DA:2085,0
DA:2086,0
DA:2087,0
DA:2089,0
DA:2090,0
DA:2091,0
DA:2092,0
DA:2095,0
DA:2096,0
DA:2097,0
DA:2099,0
DA:2102,0
DA:2104,0
DA:2105,0
DA:2106,0
DA:2107,0
DA:2116,0
DA:2119,27
DA:2120,27
DA:2123,1
DA:2124,1
DA:2125,27
DA:2126,27
DA:2127,27
DA:2129,1
DA:2132,32
DA:2133,26
DA:2135,32
DA:2136,1
DA:2138,31
DA:2139,4
DA:2141,31
DA:2142,2
DA:2144,29
DA:2145,29
DA:2148,2
DA:2150,27
DA:2151,27
DA:2152,17
DA:2153,17
DA:2154,8
DA:2156,17
DA:2157,0
DA:2159,17
DA:2162,10
DA:2166,17
DA:2168,12
DA:2169,12
DA:2170,12
DA:2172,3
DA:2174,5
DA:2176,2
DA:2178,1
DA:2180,1
DA:2181,1
DA:2182,6
DA:2184,1
DA:2187,12
DA:2189,3
DA:2190,3
DA:2191,3
DA:2193,1
DA:2195,1
DA:2197,0
DA:2199,0
DA:2201,1
DA:2202,1
DA:2203,5
DA:2205,1
DA:2208,3
DA:2210,2
DA:2211,2
DA:2213,0
DA:2215,17
DA:2216,0
DA:2218,17
DA:2222,0
DA:2223,0
DA:2224,0
DA:2226,0
DA:2227,0
DA:2229,0
DA:2230,0
DA:2231,0
DA:2232,0
DA:2233,0
DA:2234,0
DA:2237,0
DA:2238,0
DA:2241,0
DA:2244,0
DA:2245,0
DA:2247,0
DA:2251,0
DA:2252,0
DA:2254,0
DA:2258,1
DA:2261,0
DA:2264,0
DA:2267,0
DA:2270,0
DA:2273,0
DA:2276,1
DA:2279,1
DA:2280,1
DA:2281,0
DA:2282,0
DA:2283,0
DA:2293,1
DA:2294,1
DA:2295,0
DA:2296,0
DA:2299,1
DA:2300,1
DA:2301,1
DA:2302,1
DA:2303,1
DA:2304,1
DA:2305,0
DA:2307,1
DA:2308,0
DA:2310,1
DA:2311,1
DA:2312,1
DA:2340,0
DA:2343,0
DA:2344,0
DA:2346,0
DA:2349,0
DA:2356,0
DA:2357,0
DA:2358,0
DA:2359,0
DA:2362,0
DA:2365,0
DA:2368,0
DA:2369,0
DA:2373,0
DA:2374,0
DA:2375,0
DA:2377,0
DA:2379,0
DA:2380,0
DA:2381,0
DA:2383,0
DA:2385,0
DA:2387,0
DA:2389,0
DA:2395,0
DA:2396,0
DA:2397,0
DA:2399,0
DA:2403,0
DA:2405,0
DA:2409,0
DA:2410,0
DA:2412,0
DA:2414,0
DA:2416,0
DA:2418,0
DA:2424,0
DA:2425,0
DA:2426,0
DA:2428,0
DA:2432,0
DA:2433,0
DA:2435,0
DA:2436,0
DA:2438,0
DA:2439,0
DA:2440,0
DA:2442,0
DA:2443,0
DA:2444,0
DA:2446,0
DA:2447,0
DA:2448,0
DA:2450,0
DA:2452,0
DA:2454,0
DA:2456,0
DA:2458,0
DA:2459,0
DA:2461,0
DA:2463,0
DA:2465,0
DA:2467,0
DA:2470,0
DA:2471,0
DA:2472,0
DA:2473,0
DA:2474,0
DA:2476,0
DA:2480,0
DA:2481,0
DA:2482,0
DA:2484,0
DA:2485,0
DA:2486,0
DA:2488,0
DA:2493,0
DA:2494,0
DA:2496,0
DA:2497,0
DA:2500,0
DA:2503,0
DA:2504,0
DA:2505,0
DA:2506,0
DA:2509,0
DA:2510,0
DA:2511,0
DA:2512,0
DA:2513,0
DA:2515,0
DA:2516,0
DA:2519,0
DA:2520,0
DA:2521,0
DA:2522,0
DA:2523,0
DA:2524,0
DA:2525,0
DA:2526,0
DA:2528,0
DA:2533,0
DA:2534,0
DA:2536,0
DA:2542,0
DA:2543,0
DA:2544,0
DA:2545,0
DA:2547,0
DA:2549,0
DA:2552,0
DA:2553,0
DA:2554,0
DA:2555,0
DA:2556,0
DA:2557,0
DA:2558,0
DA:2560,0
DA:2561,0
DA:2563,0
DA:2564,0
DA:2566,0
DA:2567,0
DA:2569,0
DA:2570,0
DA:2576,0
DA:2577,0
DA:2578,0
DA:2579,0
DA:2580,0
DA:2581,0
DA:2586,0
DA:2588,0
DA:2593,0
DA:2597,0
DA:2598,0
DA:2600,0
DA:2604,0
DA:2606,0
DA:2611,0
DA:2612,0
DA:2614,0
DA:2615,0
DA:2616,0
DA:2617,0
DA:2618,0
DA:2619,0
DA:2620,0
DA:2621,0
DA:2623,0
DA:2624,0
DA:2625,0
DA:2626,0
DA:2627,0
DA:2628,0
DA:2629,0
DA:2631,0
DA:2632,0
DA:2634,0
DA:2635,0
DA:2637,0
DA:2639,0
DA:2640,0
DA:2645,0
DA:2646,0
DA:2647,0
DA:2648,0
DA:2649,0
DA:2651,0
DA:2657,0
DA:2658,0
DA:2659,0
DA:2660,0
DA:2662,0
DA:2663,0
DA:2664,0
DA:2665,0
DA:2666,0
DA:2667,0
DA:2668,0
DA:2672,0
DA:2673,0
DA:2674,0
DA:2675,0
DA:2676,0
DA:2680,0
DA:2681,0
DA:2684,0
DA:2687,0
DA:2688,0
DA:2690,0
DA:2692,0
DA:2694,0
DA:2696,0
DA:2698,0
DA:2703,0
DA:2704,0
DA:2705,0
DA:2709,0
DA:2710,0
DA:2711,0
DA:2720,0
DA:2747,0
DA:2748,0
DA:2749,0
DA:2750,0
DA:2751,0
DA:2753,0
DA:2756,0
DA:2759,1
DA:2760,1
DA:2761,1
DA:2762,1
DA:2763,1
DA:2764,1
DA:2765,1
DA:2766,1
DA:2767,1
DA:2768,1
DA:2769,1
DA:2770,2
DA:2771,2
DA:2772,2
DA:2773,2
DA:2774,2
DA:2775,2
DA:2776,2
DA:2777,2
DA:2778,2
DA:2779,1
DA:2780,1
DA:2783,1
DA:2784,1
DA:2785,1
DA:2786,1
DA:2787,0
DA:2790,2
DA:2791,2
DA:2792,2
DA:2793,2
DA:2794,1
DA:2796,2
DA:2797,1
DA:2798,1
DA:2799,1
DA:2802,1
DA:2804,1
DA:2805,1
DA:2806,1
DA:2808,0
DA:2809,0
DA:2810,0
DA:2814,0
DA:2816,1
DA:2817,1
DA:2820,2
DA:2821,1
DA:2822,1
DA:2823,1
DA:2824,1
DA:2825,0
DA:2828,1
DA:2830,2
DA:2831,1
DA:2832,1
DA:2833,1
DA:2836,1
DA:2837,1
DA:2838,1
DA:2839,0
DA:2840,0
DA:2842,1
DA:2846,1
DA:2856,0
DA:2864,1
DA:2867,2
DA:2868,2
DA:2869,0
DA:2870,0
DA:2874,0
DA:2875,0
DA:2882,2
DA:2883,0
DA:2889,2
DA:2890,0
DA:2891,0
DA:2897,0
DA:2898,0
DA:2905,2
DA:2906,1
DA:2907,1
DA:2908,0
DA:2917,0
DA:2918,0
DA:2919,0
DA:2920,0
DA:2923,1
DA:2924,1
DA:2925,1
DA:2926,0
DA:2929,0
DA:2930,0
DA:2933,0
DA:2936,1
DA:2937,1
DA:2938,1
DA:2955,1
DA:2956,1
DA:2960,1
DA:2961,0
DA:2963,1
DA:2964,1
DA:2965,1
DA:2966,1
DA:2967,1
DA:2968,1
DA:2969,1
DA:2971,1
DA:2972,0
DA:2973,0
DA:2974,0
DA:2975,0
DA:2977,0
DA:2978,0
DA:2984,0
DA:2985,0
DA:2987,0
DA:2989,0
DA:2990,0
DA:2995,0
DA:2996,0
DA:2998,0
DA:3000,0
DA:3001,0
DA:3003,0
DA:3004,0
DA:3006,0
DA:3007,0
DA:3013,0
DA:3017,0
DA:3018,0
DA:3021,0
DA:3022,0
DA:3024,0
DA:3025,0
DA:3027,0
DA:3029,0
DA:3030,0
DA:3033,0
DA:3034,0
DA:3035,0
DA:3036,0
DA:3037,0
DA:3038,0
DA:3041,0
DA:3042,0
DA:3043,0
DA:3045,0
DA:3047,0
DA:3048,0
DA:3049,0
DA:3050,0
DA:3051,0
DA:3052,0
DA:3053,0
DA:3054,0
DA:3055,0
DA:3056,0
DA:3057,0
DA:3058,0
DA:3059,0
DA:3061,0
DA:3062,0
DA:3065,0
DA:3066,0
DA:3067,0
DA:3069,0
DA:3070,0
DA:3071,0
DA:3072,0
DA:3073,0
DA:3075,0
DA:3076,0
DA:3078,0
DA:3079,0
DA:3081,0
DA:3082,0
DA:3084,0
DA:3085,0
DA:3087,0
DA:3088,0
DA:3090,0
DA:3091,0
DA:3093,0
DA:3094,0
DA:3096,0
DA:3097,0
DA:3099,0
DA:3100,0
DA:3102,0
DA:3105,0
DA:3106,0
DA:3107,0
DA:3108,0
DA:3109,0
DA:3110,0
DA:3112,0
DA:3113,0
DA:3115,0
DA:3116,0
DA:3118,0
DA:3119,0
DA:3121,0
DA:3122,0
DA:3124,0
DA:3125,0
DA:3127,0
DA:3128,0
DA:3130,0
DA:3131,0
DA:3133,0
DA:3134,0
DA:3136,0
DA:3137,0
DA:3139,0
DA:3140,0
DA:3141,0
DA:3142,0
DA:3144,0
DA:3145,0
DA:3147,0
DA:3148,0
DA:3150,0
DA:3151,0
DA:3153,0
DA:3154,0
DA:3156,0
DA:3157,0
DA:3159,0
DA:3160,0
DA:3162,0
DA:3163,0
DA:3165,0
DA:3166,0
DA:3168,0
DA:3169,0
DA:3171,0
DA:3172,0
DA:3174,0
DA:3177,0
DA:3178,0
DA:3179,0
DA:3180,0
DA:3181,0
DA:3182,0
DA:3183,0
DA:3184,0
DA:3185,0
DA:3187,0
DA:3188,0
DA:3189,0
DA:3191,0
DA:3192,0
DA:3193,0
DA:3195,0
DA:3196,0
DA:3197,0
DA:3199,0
DA:3200,0
DA:3201,0
DA:3203,0
DA:3204,0
DA:3205,0
DA:3207,0
DA:3208,0
DA:3209,0
DA:3211,0
DA:3212,0
DA:3213,0
DA:3215,0
DA:3216,0
DA:3217,0
DA:3219,0
DA:3220,0
DA:3221,0
DA:3223,0
DA:3224,0
DA:3226,0
DA:3227,0
DA:3229,0
DA:3230,0
DA:3232,0
DA:3237,0
DA:3238,0
DA:3239,0
DA:3240,0
DA:3241,0
DA:3242,0
DA:3244,0
DA:3245,0
DA:3247,0
DA:3248,0
DA:3250,0
DA:3251,0
DA:3253,0
DA:3254,0
DA:3256,0
DA:3257,0
DA:3259,0
DA:3260,0
DA:3262,0
DA:3263,0
DA:3265,0
DA:3266,0
DA:3268,0
DA:3269,0
DA:3271,0
DA:3272,0
DA:3273,0
DA:3274,0
DA:3276,0
DA:3277,0
DA:3278,0
DA:3280,0
DA:3281,0
DA:3283,0
DA:3284,0
DA:3286,0
DA:3287,0
DA:3289,0
DA:3290,0
DA:3292,0
DA:3293,0
DA:3295,0
DA:3296,0
DA:3298,0
DA:3299,0
DA:3301,0
DA:3302,0
DA:3304,0
DA:3305,0
DA:3307,0
DA:3309,0
DA:3310,0
DA:3311,0
DA:3313,0
DA:3314,0
DA:3316,0
DA:3317,0
DA:3319,0
DA:3320,0
DA:3322,0
DA:3323,0
DA:3325,0
DA:3326,0
DA:3328,0
DA:3329,0
DA:3331,0
DA:3332,0
DA:3334,0
DA:3335,0
DA:3337,0
DA:3338,0
DA:3340,0
DA:3342,0
DA:3343,0
DA:3345,0
DA:3346,0
DA:3348,0
DA:3349,0
DA:3351,0
DA:3352,0
DA:3354,0
DA:3355,0
DA:3357,0
DA:3358,0
DA:3360,0
DA:3361,0
DA:3363,0
DA:3364,0
DA:3366,0
DA:3367,0
DA:3369,0
DA:3370,0
DA:3372,0
DA:3375,0
DA:3377,0
DA:3380,0
DA:3384,0
DA:3385,0
DA:3387,0
DA:3388,0
DA:3389,0
DA:3390,0
DA:3391,0
DA:3394,0
DA:3397,0
DA:3398,0
DA:3399,0
DA:3400,0
DA:3401,0
DA:3402,0
DA:3405,0
DA:3406,0
DA:3407,0
DA:3408,0
DA:3410,0
DA:3411,0
DA:3412,0
DA:3414,0
DA:3417,0
DA:3418,0
DA:3419,0
DA:3420,0
DA:3421,0
DA:3422,0
DA:3423,0
DA:3424,0
DA:3425,0
DA:3428,0
DA:3429,0
DA:3431,0
DA:3432,0
DA:3434,0
DA:3435,0
DA:3437,0
DA:3442,0
DA:3443,0
DA:3444,0
DA:3445,0
DA:3446,0
DA:3447,0
DA:3450,0
DA:3451,0
DA:3452,0
DA:3453,0
DA:3455,0
DA:3456,0
DA:3458,0
DA:3459,0
DA:3460,0
DA:3462,0
DA:3464,0
DA:3465,0
DA:3466,0
DA:3468,0
DA:3470,0
DA:3473,0
DA:3479,0
DA:3480,0
DA:3481,0
DA:3482,0
DA:3483,0
DA:3484,0
DA:3485,0
DA:3486,0
DA:3487,0
DA:3488,0
DA:3489,0
DA:3492,0
DA:3493,0
DA:3499,0
DA:3500,0
DA:3501,0
DA:3502,0
DA:3503,0
DA:3505,0
DA:3506,0
DA:3508,0
DA:3509,0
DA:3511,0
DA:3512,0
DA:3514,0
DA:3515,0
DA:3517,0
DA:3518,0
DA:3520,0
DA:3521,0
DA:3523,0
DA:3524,0
DA:3526,0
DA:3527,0
DA:3529,0
DA:3530,0
DA:3534,0
DA:3535,0
DA:3536,0
DA:3540,0
DA:3543,0
DA:3544,0
DA:3553,0
DA:3554,0
DA:3555,0
DA:3556,0
DA:3557,0
DA:3558,0
DA:3559,0
DA:3562,0
DA:3563,0
DA:3564,0
DA:3565,0
DA:3566,0
DA:3567,0
DA:3568,0
DA:3569,0
DA:3574,0
DA:3575,0
DA:3576,0
DA:3577,0
DA:3578,0
DA:3579,0
DA:3580,0
DA:3581,0
DA:3582,0
DA:3583,0
DA:3584,0
DA:3589,0
DA:3590,0
DA:3592,0
DA:3596,0
DA:3597,0
DA:3598,0
DA:3599,0
DA:3600,0
DA:3601,0
DA:3602,0
DA:3603,0
DA:3609,0
DA:3610,0
DA:3611,0
DA:3612,0
DA:3613,0
DA:3614,0
DA:3615,0
DA:3616,0
DA:3618,0
DA:3619,0
DA:3625,0
DA:3626,0
DA:3628,0
DA:3629,0
DA:3630,0
DA:3631,0
DA:3632,0
DA:3635,0
DA:3637,0
DA:3638,0
DA:3639,0
DA:3640,0
DA:3641,0
DA:3644,0
DA:3646,0
DA:3647,0
DA:3648,0
DA:3649,0
DA:3650,0
DA:3653,0
DA:3655,0
DA:3656,0
DA:3657,0
DA:3658,0
DA:3659,0
DA:3662,0
DA:3664,0
DA:3665,0
DA:3667,0
DA:3671,0
DA:3672,0
DA:3675,0
DA:3676,0
DA:3677,0
DA:3678,0
DA:3679,0
DA:3680,0
DA:3682,0
DA:3683,0
DA:3685,0
DA:3688,0
DA:3689,0
DA:3695,1
DA:3698,0
DA:3699,0
DA:3700,0
DA:3701,0
DA:3704,1
DA:3705,1
DA:3706,1
DA:3718,0
DA:3719,0
DA:3722,0
DA:3723,0
DA:3726,0
DA:3731,0
DA:3732,0
DA:3733,0
DA:3734,0
DA:3735,0
DA:3736,0
DA:3738,0
DA:3739,0
DA:3740,0
DA:3741,0
DA:3742,0
DA:3745,0
DA:3748,0
DA:3749,0
DA:3750,0
DA:3751,0
DA:3752,0
DA:3753,0
DA:3754,0
DA:3756,0
DA:3757,0
DA:3758,0
DA:3759,0
DA:3760,0
DA:3765,0
DA:3768,0
DA:3770,0
DA:3776,0
DA:3779,0
DA:3780,0
DA:3783,0
DA:3784,0
DA:3788,0
DA:3789,0
DA:3790,0
DA:3791,0
DA:3793,0
DA:3794,0
DA:3795,0
DA:3796,0
DA:3797,0
DA:3798,0
DA:3799,0
DA:3804,0
DA:3805,0
DA:3807,0
DA:3808,0
DA:3809,0
DA:3810,0
DA:3811,0
DA:3812,0
DA:3813,0
DA:3815,0
DA:3816,0
DA:3817,0
DA:3820,0
DA:3822,0
DA:3823,0
DA:3825,0
DA:3826,0
DA:3828,0
DA:3829,0
DA:3831,0
DA:3834,0
DA:3835,0
DA:3836,0
DA:3837,0
DA:3839,0
DA:3843,0
DA:3844,0
DA:3845,0
DA:3846,0
DA:3848,0
DA:3852,0
DA:3855,0
DA:3858,0
DA:3861,0
DA:3862,0
DA:3865,0
DA:3866,0
DA:3869,0
DA:3870,0
DA:3872,0
DA:3873,0
DA:3874,0
DA:3875,0
DA:3876,0
DA:3878,0
DA:3879,0
DA:3880,0
DA:3882,0
DA:3884,0
DA:3885,0
DA:3887,0
DA:3888,0
DA:3890,0
DA:3895,0
DA:3896,0
DA:3898,0
DA:3899,0
DA:3900,0
DA:3901,0
DA:3902,0
DA:3904,0
DA:3905,0
DA:3906,0
DA:3908,0
DA:3910,0
DA:3911,0
DA:3913,0
DA:3914,0
DA:3916,0
DA:3921,0
DA:3922,0
DA:3923,0
DA:3924,0
DA:3925,0
DA:3926,0
DA:3927,0
DA:3928,0
DA:3929,0
DA:3933,0
DA:3934,0
DA:3935,0
DA:3937,0
DA:3942,0
DA:3943,0
DA:3944,0
DA:3945,0
DA:3946,0
DA:3947,0
DA:3949,0
DA:3953,0
DA:3963,0
DA:3966,0
DA:3967,0
DA:3968,0
DA:3970,0
DA:3973,0
DA:3977,0
DA:3978,0
DA:3979,0
DA:3980,0
DA:3983,0
DA:3986,0
DA:3987,0
DA:3988,0
DA:3989,0
DA:3992,0
DA:3995,0
DA:3996,0
DA:4000,0
DA:4001,0
DA:4002,0
DA:4003,0
DA:4004,0
DA:4005,0
DA:4006,0
DA:4007,0
DA:4008,0
DA:4009,0
DA:4011,0
DA:4012,0
DA:4014,0
DA:4015,0
DA:4016,0
DA:4018,0
DA:4019,0
DA:4024,0
DA:4025,0
DA:4027,0
DA:4031,1
DA:4033,1
DA:4034,4
DA:4036,1
DA:4037,1
DA:4039,1
DA:4040,0
DA:4042,1
DA:4043,1
DA:4045,1
DA:4046,1
DA:4048,1
DA:4049,1
DA:4051,1
DA:4052,1
DA:4054,1
DA:4055,1
DA:4057,1
DA:4058,3
DA:4060,1
DA:4061,3
DA:4063,1
DA:4064,0
DA:4066,1
DA:4067,2
DA:4069,1
DA:4070,1
DA:4072,1
DA:4073,3
DA:4075,1
DA:4076,2
DA:4078,1
DA:4079,0
DA:4081,1
DA:4082,3
DA:4084,1
DA:4085,1
DA:4087,1
DA:4088,0
DA:4090,1
DA:4091,0
DA:4093,1
DA:4094,0
DA:4096,1
DA:4097,2
DA:4099,1
DA:4100,5
DA:4102,1
DA:4103,0
DA:4105,1
DA:4106,0
DA:4108,1
DA:4109,5
DA:4111,1
DA:4112,1
DA:4114,1
DA:4115,0
DA:4117,1
DA:4118,2
DA:4120,1
DA:4121,3
DA:4123,1
DA:4124,1
DA:4126,1
DA:4127,1
DA:4129,1
DA:4130,1
DA:4132,1
DA:4133,0
DA:4135,1
DA:4136,1
DA:4138,1
DA:4139,0
DA:4141,1
DA:4142,1
DA:4144,1
DA:4145,1
DA:4147,1
DA:4148,6
DA:4150,1
DA:4151,0
DA:4153,1
DA:4154,0
DA:4156,1
DA:4157,0
DA:4159,1
DA:4160,1
DA:4162,1
DA:4163,1
DA:4165,1
DA:4166,1
DA:4168,1
DA:4169,1
DA:4171,1
DA:4172,1
DA:4174,1
DA:4175,1
DA:4177,1
DA:4178,27
DA:4180,1
DA:4181,0
DA:4183,1
DA:4184,1
DA:4186,1
DA:4187,1
DA:4189,1
DA:4190,1
DA:4192,1
DA:4193,1
DA:4195,1
DA:4196,1
DA:4198,1
DA:4199,1
DA:4200,1
DA:4201,1
DA:4202,1
DA:4203,1
DA:4204,1
DA:4206,14
DA:4207,14
DA:4209,1
DA:4210,12
DA:4212,1
DA:4214,1
DA:4215,1
DA:4216,1
DA:4217,1
DA:4218,1
DA:4219,1
DA:4220,1
DA:4222,1
DA:4223,1
DA:4224,1
DA:4225,1
DA:4226,1
DA:4231,1
DA:4232,1
DA:4233,0
DA:4235,1
DA:4236,1
DA:4237,1
DA:4238,1
DA:4240,1
DA:4244,1
DA:4245,1
DA:4246,1
DA:4247,1
DA:4248,1
DA:4249,1
DA:4251,1
DA:4252,3
DA:4253,0
DA:4255,3
DA:4256,0
DA:4260,3
DA:4262,1
DA:4264,1
DA:4266,1
DA:4267,2
DA:4268,0
DA:4270,2
DA:4273,1
DA:4274,1
DA:4275,1
DA:4277,1
DA:4278,0
DA:4280,1
DA:4281,1
DA:4282,1
DA:4283,1
DA:4285,1
DA:4286,1
DA:4287,1
DA:4288,1
DA:4289,2
DA:4290,1
DA:4293,0
DA:4295,1
DA:4296,1
DA:4297,1
DA:4298,1
DA:4300,2
DA:4301,1
DA:4303,2
DA:4304,0
DA:4306,2
DA:4307,2
DA:4308,2
DA:4309,2
DA:4310,2
DA:4311,13
DA:4312,13
DA:4313,2
DA:4314,11
DA:4317,11
[...]
BRDA:5180,777,1,0
BRDA:5180,777,2,0
BRDA:5194,778,0,0
BRDA:5194,778,1,0
BRDA:5195,779,0,0
BRDA:5195,779,1,0
BRDA:5195,779,2,0
BRDA:5207,780,0,0
BRDA:5207,780,1,0
BRDA:5223,781,0,0
BRDA:5223,781,1,1
BRDA:5229,782,0,0
BRDA:5229,782,1,1
BRDA:5233,783,0,1
BRDA:5233,783,1,0
BRDA:5234,784,0,1
BRDA:5234,784,1,1
BRDA:5239,785,0,0
BRDA:5239,785,1,0
BRDA:5245,786,0,0
BRDA:5245,786,1,0
BRDA:5254,787,0,0
BRDA:5254,787,1,1
BRDA:5263,788,0,0
BRDA:5263,788,1,1
BRDA:5364,789,0,0
BRDA:5364,789,1,0
BRDA:5390,790,0,0
BRDA:5390,790,1,0
BRDA:5390,791,0,0
BRDA:5390,791,1,0
BRDA:5436,792,0,0
BRDA:5436,792,1,0
BRDA:5448,793,0,0
BRDA:5448,793,1,0
BRDA:5455,794,0,0
BRDA:5455,794,1,0
BRDA:5464,795,0,0
BRDA:5464,795,1,0
BRDA:5467,796,0,0
BRDA:5467,796,1,0
BRDA:5476,797,0,0
BRDA:5476,797,1,0
BRDA:5479,798,0,0
BRDA:5479,798,1,0
BRDA:5487,799,0,0
BRDA:5487,799,1,0
BRDA:5510,800,0,0
BRDA:5510,800,1,0
BRDA:5526,801,0,0
BRDA:5526,801,1,0
BRDA:5577,802,0,0
BRDA:5577,802,1,0
BRDA:5588,803,0,0
BRDA:5588,803,1,0
BRDA:5589,804,0,0
BRDA:5589,804,1,0
BRDA:5589,805,0,0
BRDA:5589,805,1,0
BRDA:5589,805,2,0
BRDA:5592,806,0,0
BRDA:5592,806,1,0
BRDA:5595,807,0,0
BRDA:5595,807,1,0
BRDA:5598,808,0,0
BRDA:5598,808,1,0
BRDA:5603,809,0,0
BRDA:5603,809,1,0
BRDA:5605,810,0,0
BRDA:5605,810,1,0
BRDA:5607,811,0,0
BRDA:5607,811,1,0
BRDA:5607,812,0,0
BRDA:5607,812,1,0
BRDA:5614,813,0,0
BRDA:5614,813,1,0
BRDA:5653,814,0,0
BRDA:5653,814,1,0
BRDA:5656,815,0,0
BRDA:5656,815,1,0
BRDA:5663,816,0,0
BRDA:5663,816,1,0
BRDA:5678,817,0,0
BRDA:5678,817,1,0
BRDA:5682,818,0,0
BRDA:5682,818,1,0
BRDA:5682,819,0,0
BRDA:5682,819,1,0
BRDA:5683,820,0,0
BRDA:5683,820,1,0
BRDA:5686,821,0,0
BRDA:5686,821,1,0
BRDA:5698,822,0,0
BRDA:5698,822,1,0
BRDA:5710,823,0,0
BRDA:5710,823,1,0
BRDA:5710,824,0,0
BRDA:5710,824,1,0
BRDA:5711,825,0,0
BRDA:5711,825,1,0
BRDA:5714,826,0,0
BRDA:5714,826,1,0
BRDA:5733,827,0,0
BRDA:5733,827,1,0
BRDA:5733,827,2,0
BRDA:5733,827,3,0
BRDA:5743,828,0,0
BRDA:5743,828,1,0
BRDA:5768,829,0,0
BRDA:5768,829,1,0
BRDA:5774,830,0,0
BRDA:5774,830,1,0
BRDA:5776,831,0,0
BRDA:5776,831,1,0
BRDA:5780,832,0,0
BRDA:5780,832,1,0
BRDA:5782,833,0,0
BRDA:5782,833,1,0
BRDA:5788,834,0,0
BRDA:5788,834,1,0
BRDA:5794,835,0,0
BRDA:5794,835,1,0
BRDA:5803,836,0,0
BRDA:5803,836,1,0
BRDA:5806,837,0,0
BRDA:5806,837,1,0
BRDA:5807,838,0,0
BRDA:5807,838,1,0
BRDA:5822,839,0,0
BRDA:5822,839,1,0
BRDA:5825,840,0,0
BRDA:5825,840,1,0
BRDA:5828,841,0,0
BRDA:5828,841,1,0
BRDA:5831,842,0,0
BRDA:5831,842,1,0
BRDA:5834,843,0,0
BRDA:5834,843,1,0
BRDA:5837,844,0,0
BRDA:5837,844,1,0
BRDA:5842,845,0,0
BRDA:5842,845,1,0
BRDA:5847,846,0,0
BRDA:5847,846,1,0
BRDA:5852,847,0,0
BRDA:5852,847,1,0
BRDA:5870,848,0,0
BRDA:5870,848,1,0
BRDA:5876,849,0,0
BRDA:5876,849,1,0
BRDA:5879,850,0,0
BRDA:5879,850,1,0
BRDA:5884,851,0,0
BRDA:5884,851,1,0
BRDA:5889,852,0,0
BRDA:5889,852,1,0
BRDA:5900,853,0,0
BRDA:5900,853,1,0
BRDA:5905,854,0,0
BRDA:5905,854,1,0
BRDA:5910,855,0,0
BRDA:5910,855,1,0
BRDA:5918,856,0,0
BRDA:5918,856,1,0
BRDA:5922,857,0,0
BRDA:5922,857,1,0
BRDA:5929,858,0,0
BRDA:5929,858,1,0
BRDA:5935,859,0,0
BRDA:5935,859,1,0
BRDA:5947,860,0,0
BRDA:5947,860,1,0
BRDA:5976,861,0,0
BRDA:5976,861,1,0
BRDA:5989,862,0,0
BRDA:5989,862,1,0
BRDA:5989,863,0,0
BRDA:5989,863,1,0
BRDA:5989,863,2,0
BRDA:5998,864,0,0
BRDA:5998,864,1,0
BRDA:6003,865,0,0
BRDA:6003,865,1,0
BRDA:6019,866,0,0
BRDA:6019,866,1,0
BRDA:6027,867,0,0
BRDA:6027,867,1,0
BRDA:6035,868,0,0
BRDA:6035,868,1,0
BRDA:6055,869,0,0
BRDA:6055,869,1,0
BRDA:6078,870,0,0
BRDA:6078,870,1,0
BRDA:6078,870,2,0
BRDA:6116,871,0,0
BRDA:6116,871,1,0
BRDA:6117,872,0,0
BRDA:6117,872,1,0
BRDA:6117,873,0,0
BRDA:6117,873,1,0
BRDA:6127,874,0,0
BRDA:6127,874,1,0
BRDA:6140,875,0,0
BRDA:6140,875,1,0
BRDA:6140,876,0,0
BRDA:6140,876,1,0
BRDA:6149,877,0,0
BRDA:6149,877,1,0
BRDA:6150,878,0,0
BRDA:6150,878,1,0
BRDA:6155,879,0,0
BRDA:6155,879,1,0
BRDA:6166,880,0,0
BRDA:6166,880,1,0
BRDA:6169,881,0,0
BRDA:6169,881,1,0
BRDA:6175,882,0,0
BRDA:6175,882,1,0
BRDA:6180,883,0,0
BRDA:6180,883,1,0
BRDA:6183,884,0,0
BRDA:6183,884,1,0
BRDA:6189,885,0,0
BRDA:6189,885,1,0
BRDA:6199,886,0,0
BRDA:6199,886,1,0
BRDA:6204,887,0,0
BRDA:6204,887,1,0
BRDA:6207,888,0,0
BRDA:6207,888,1,0
BRDA:6221,889,0,0
BRDA:6221,889,1,0
BRDA:6239,890,0,0
BRDA:6239,890,1,0
BRDA:6246,891,0,0
BRDA:6246,891,1,0
BRDA:6254,892,0,0
BRDA:6254,892,1,0
BRDA:6262,893,0,0
BRDA:6262,893,1,0
BRDA:6288,894,0,0
BRDA:6288,894,1,0
BRDA:6298,895,0,0
BRDA:6298,895,1,0
BRDA:6313,896,0,0
BRDA:6313,896,1,0
BRDA:6320,897,0,0
BRDA:6320,897,1,0
BRDA:6331,898,0,0
BRDA:6331,898,1,0
BRDA:6341,899,0,0
BRDA:6341,899,1,0
BRDA:6355,900,0,0
BRDA:6355,900,1,0
BRDA:6425,901,0,1
BRDA:6425,901,1,1
BRDA:6460,902,0,0
BRDA:6460,902,1,1
BRDA:6465,903,0,1
BRDA:6465,903,1,0
BRDA:6467,904,0,0
BRDA:6467,904,1,0
BRDA:6480,905,0,0
BRDA:6480,905,1,0
BRDA:6547,906,0,0
BRDA:6547,906,1,0
BRDA:6551,907,0,0
BRDA:6551,907,1,0
BRDA:6568,908,0,0
BRDA:6568,908,1,0
BRDA:6583,909,0,0
BRDA:6583,909,1,0
BRDA:6588,910,0,0
BRDA:6588,910,1,0
BRDA:6589,911,0,0
BRDA:6589,911,1,0
BRDA:6589,912,0,0
BRDA:6589,912,1,0
BRDA:6597,913,0,0
BRDA:6597,913,1,0
BRDA:6607,914,0,0
BRDA:6607,914,1,0
BRDA:6607,915,0,0
BRDA:6607,915,1,0
BRDA:6614,916,0,0
BRDA:6614,916,1,0
BRDA:6614,917,0,0
BRDA:6614,917,1,0
BRDA:6614,917,2,0
BRDA:6617,918,0,0
BRDA:6617,918,1,0
BRDA:6624,919,0,0
BRDA:6624,919,1,0
BRDA:6636,920,0,0
BRDA:6636,920,1,0
BRDA:6641,921,0,0
BRDA:6641,921,1,0
BRDA:6655,922,0,0
BRDA:6655,922,1,0
BRDA:6661,923,0,0
BRDA:6661,923,1,0
BRDA:6669,924,0,0
BRDA:6669,924,1,0
BRDA:6675,925,0,0
BRDA:6675,925,1,0
BRDA:6720,926,0,0
BRDA:6720,926,1,0
BRDA:6726,927,0,0
BRDA:6726,927,1,0
BRDA:6738,928,0,0
BRDA:6738,928,1,0
BRDA:6744,929,0,0
BRDA:6744,929,1,0
BRDA:6746,930,0,0
BRDA:6746,930,1,0
BRDA:6759,931,0,0
BRDA:6759,931,1,0
BRDA:6767,932,0,0
BRDA:6767,932,1,0
BRDA:6778,933,0,0
BRDA:6778,933,1,0
BRDA:6812,934,0,0
BRDA:6812,934,1,0
BRDA:6818,935,0,0
BRDA:6818,935,1,0
BRDA:6835,936,0,0
BRDA:6835,936,1,0
BRDA:6845,937,0,0
BRDA:6845,937,1,0
BRDA:6852,938,0,0
BRDA:6852,938,1,0
BRDA:6894,939,0,0
BRDA:6894,939,1,0
BRDA:6902,940,0,0
BRDA:6902,940,1,0
BRDA:6909,941,0,0
BRDA:6909,941,1,0
BRDA:6940,942,0,9
BRDA:6940,942,1,18
BRDA:6947,943,0,5
BRDA:6947,943,1,1
BRDA:6967,944,0,0
BRDA:6967,944,1,0
BRDA:6978,945,0,0
BRDA:6978,945,1,0
BRDA:6980,946,0,0
BRDA:6980,946,1,0
BRDA:6980,947,0,0
BRDA:6980,947,1,0
BRDA:7046,948,0,0
BRDA:7046,948,1,0
BRDA:7051,949,0,0
BRDA:7051,949,1,0
BRDA:7054,950,0,0
BRDA:7054,950,1,0
BRDA:7055,951,0,0
BRDA:7055,951,1,0
BRDA:7066,952,0,0
BRDA:7066,952,1,0
BRDA:7096,953,0,0
BRDA:7096,953,1,0
BRDA:7103,954,0,0
BRDA:7103,954,1,0
BRDA:7117,955,0,0
BRDA:7117,955,1,0
BRDA:7125,956,0,0
BRDA:7125,956,1,0
BRDA:7139,957,0,0
BRDA:7139,957,1,0
BRDA:7142,958,0,0
BRDA:7142,958,1,0
BRDA:7148,959,0,0
BRDA:7148,959,1,0
BRDA:7159,960,0,0
BRDA:7159,960,1,0
BRDA:7175,961,0,0
BRDA:7175,961,1,0
BRDA:7185,962,0,0
BRDA:7185,962,1,0
BRDA:7193,963,0,0
BRDA:7193,963,1,0
BRDA:7200,964,0,0
BRDA:7200,964,1,0
BRDA:7217,965,0,0
BRDA:7217,965,1,0
BRDA:7222,966,0,0
BRDA:7222,966,1,0
BRDA:7227,967,0,0
BRDA:7227,967,1,0
BRDA:7244,968,0,0
BRDA:7244,968,1,0
BRDA:7254,969,0,0
BRDA:7254,969,1,0
BRDA:7264,970,0,0
BRDA:7264,970,1,0
BRDA:7272,971,0,0
BRDA:7272,971,1,0
BRDA:7280,972,0,0
BRDA:7280,972,1,0
BRDA:7280,973,0,0
BRDA:7280,973,1,0
BRDA:7280,973,2,0
BRDA:7289,974,0,0
BRDA:7289,974,1,0
BRDA:7289,975,0,0
BRDA:7289,975,1,0
BRDA:7289,975,2,0
BRDA:7297,976,0,0
BRDA:7297,976,1,0
BRDA:7297,977,0,0
BRDA:7297,977,1,0
BRDA:7297,977,2,0
BRDA:7305,978,0,0
BRDA:7305,978,1,0
BRDA:7312,979,0,0
BRDA:7312,979,1,0
BRDA:7312,980,0,0
BRDA:7312,980,1,0
BRDA:7313,981,0,0
BRDA:7313,981,1,0
BRDA:7319,982,0,0
BRDA:7319,982,1,0
BRDA:7319,983,0,0
BRDA:7319,983,1,0
BRDA:7320,984,0,0
BRDA:7320,984,1,0
BRDA:7326,985,0,0
BRDA:7326,985,1,0
BRDA:7326,986,0,0
BRDA:7326,986,1,0
BRDA:7333,987,0,0
BRDA:7333,987,1,0
BRDA:7333,988,0,0
BRDA:7333,988,1,0
BRDA:7340,989,0,0
BRDA:7340,989,1,0
BRDA:7340,990,0,0
BRDA:7340,990,1,0
BRDA:7347,991,0,0
BRDA:7347,991,1,0
BRDA:7347,992,0,0
BRDA:7347,992,1,0
BRDA:7354,993,0,0
BRDA:7354,993,1,0
BRDA:7354,994,0,0
BRDA:7354,994,1,0
BRDA:7360,995,0,0
BRDA:7360,995,1,0
BRDA:7362,996,0,0
BRDA:7362,996,1,0
BRDA:7386,997,0,1
BRDA:7386,997,1,1
BRDA:7396,998,0,1
BRDA:7396,998,1,0
BRDA:7398,999,0,0
BRDA:7398,999,1,1
BRDA:7437,1000,0,0
BRDA:7437,1000,1,0
BRDA:7440,1001,0,0
BRDA:7440,1001,1,0
BRDA:7465,1002,0,1
BRDA:7465,1002,1,0
BRDA:7472,1003,0,0
BRDA:7472,1003,1,1
BRDA:7473,1004,0,0
BRDA:7473,1004,1,0
BRDA:7476,1005,0,0
BRDA:7476,1005,1,0
BRDA:7479,1006,0,0
BRDA:7479,1006,1,0
BRDA:7515,1007,0,2
BRDA:7515,1007,1,7
BRDA:7528,1008,0,2
BRDA:7528,1008,1,0
BRDA:7529,1009,0,0
BRDA:7529,1009,1,2
BRDA:7532,1010,0,0
BRDA:7532,1010,1,2
BRDA:7536,1011,0,2
BRDA:7536,1011,1,0
BRDA:7536,1012,0,2
BRDA:7536,1012,1,0
BRDA:7536,1012,2,0
BRDA:7542,1013,0,0
BRDA:7542,1013,1,2
BRDA:7546,1014,0,0
BRDA:7546,1014,1,2
BRDA:7546,1015,0,2
BRDA:7546,1015,1,2
BRDA:7551,1016,0,0
BRDA:7551,1016,1,2
BRDA:7552,1017,0,2
BRDA:7552,1017,1,2
BRDA:7570,1018,0,0
BRDA:7570,1018,1,0
BRDA:7571,1019,0,0
BRDA:7571,1019,1,0
BRDA:7571,1020,0,0
BRDA:7571,1020,1,0
BRDA:7571,1020,2,0
BRDA:7573,1021,0,0
BRDA:7573,1021,1,0
BRDA:7577,1022,0,0
BRDA:7577,1022,1,0
BRDA:7583,1023,0,0
BRDA:7583,1023,1,0
BRDA:7610,1024,0,0
BRDA:7610,1024,1,0
BRDA:7613,1025,0,0
BRDA:7613,1025,1,0
BRDA:7614,1026,0,0
BRDA:7614,1026,1,0
BRDA:7627,1027,0,0
BRDA:7627,1027,1,0
BRDA:7628,1028,0,0
BRDA:7628,1028,1,0
BRDA:7628,1029,0,0
BRDA:7628,1029,1,0
BRDA:7628,1029,2,0
BRDA:7630,1030,0,0
BRDA:7630,1030,1,0
BRDA:7634,1031,0,0
BRDA:7634,1031,1,0
BRDA:7661,1032,0,0
BRDA:7661,1032,1,0
BRDA:7691,1033,0,0
BRDA:7691,1033,1,0
BRDA:7696,1034,0,0
BRDA:7696,1034,1,0
BRDA:7696,1035,0,0
BRDA:7696,1035,1,0
BRDA:7696,1035,2,0
BRDA:7696,1035,3,0
BRDA:7698,1036,0,0
BRDA:7698,1036,1,0
BRDA:7742,1037,0,0
BRDA:7742,1037,1,3
BRDA:7745,1038,0,3
BRDA:7745,1038,1,0
BRDA:7755,1039,0,0
BRDA:7755,1039,1,0
BRDA:7770,1040,0,0
BRDA:7770,1040,1,0
BRDA:7788,1041,0,0
BRDA:7788,1041,1,2
BRDA:7794,1042,0,0
BRDA:7794,1042,1,2
BRDA:7797,1043,0,0
BRDA:7797,1043,1,2
BRDA:7800,1044,0,0
BRDA:7800,1044,1,2
BRDA:7828,1045,0,0
BRDA:7828,1045,1,0
BRDA:7828,1046,0,0
BRDA:7828,1046,1,0
BRDA:7834,1047,0,0
BRDA:7834,1047,1,0
BRDA:7834,1048,0,0
BRDA:7834,1048,1,0
BRDA:7840,1049,0,0
BRDA:7840,1049,1,0
BRDA:7840,1050,0,0
BRDA:7840,1050,1,0
BRDA:7845,1051,0,0
BRDA:7845,1051,1,0
BRDA:7875,1052,0,1
BRDA:7875,1052,1,0
BRDA:7875,1053,0,1
BRDA:7875,1053,1,1
BRDA:8034,1054,0,2
BRDA:8034,1054,1,0
BRDA:8034,1055,0,2
BRDA:8034,1055,1,0
BRDA:8035,1056,0,2
BRDA:8035,1056,1,1
BRDA:8044,1057,0,0
BRDA:8044,1057,1,0
BRDA:8055,1058,0,0
BRDA:8055,1058,1,0
BRDA:8062,1059,0,0
BRDA:8062,1059,1,0
BRDA:8073,1060,0,0
BRDA:8073,1060,1,0
BRDA:8073,1061,0,0
BRDA:8073,1061,1,0
BRDA:8076,1062,0,0
BRDA:8076,1062,1,0
BRDA:8104,1063,0,286
BRDA:8104,1063,1,0
BRDA:8237,1064,0,0
BRDA:8237,1064,1,0
BRDA:8237,1065,0,0
BRDA:8237,1065,1,0
BRDA:8259,1066,0,0
BRDA:8259,1066,1,0
BRDA:8267,1067,0,0
BRDA:8267,1067,1,0
BRDA:8267,1067,2,0
BRDA:8267,1067,3,0
BRDA:8267,1067,4,0
BRDA:8267,1067,5,0
BRDA:8267,1068,0,0
BRDA:8267,1068,1,0
BRDA:8268,1069,0,0
BRDA:8268,1069,1,0
BRDA:8273,1070,0,0
BRDA:8273,1070,1,0
BRDA:8277,1071,0,0
BRDA:8277,1071,1,0
BRDA:8280,1072,0,0
BRDA:8280,1072,1,0
BRDA:8287,1073,0,0
BRDA:8287,1073,1,0
BRDA:8347,1074,0,1
BRDA:8347,1074,1,0
BRDA:8349,1075,0,1
BRDA:8349,1075,1,0
BRDA:8357,1076,0,1
BRDA:8357,1076,1,1
BRDA:8357,1076,2,0
BRDA:8361,1077,0,1
BRDA:8361,1077,1,1
BRDA:8366,1078,0,0
BRDA:8366,1078,1,1
BRDA:8369,1079,0,0
BRDA:8369,1079,1,0
BRDA:8384,1080,0,2
BRDA:8384,1080,1,2
BRDA:8415,1081,0,0
BRDA:8415,1081,1,0
BRDA:8424,1082,0,0
BRDA:8424,1082,1,0
BRDA:8431,1083,0,0
BRDA:8431,1083,1,0
BRDA:8438,1084,0,0
BRDA:8438,1084,1,0
BRDA:8448,1085,0,1
BRDA:8448,1085,1,0
BRDA:8466,1086,0,0
BRDA:8466,1086,1,0
BRDA:8467,1087,0,0
BRDA:8467,1087,1,0
BRDA:8475,1088,0,0
BRDA:8475,1088,1,0
BRDA:8475,1089,0,0
BRDA:8475,1089,1,0
BRDA:8480,1090,0,0
BRDA:8480,1090,1,0
BRDA:8480,1091,0,0
BRDA:8480,1091,1,0
BRDA:8485,1092,0,0
BRDA:8485,1092,1,0
BRDA:8485,1093,0,0
BRDA:8485,1093,1,0
BRDA:8533,1094,0,0
BRDA:8533,1094,1,0
BRDA:8533,1094,2,0
BRDA:8540,1095,0,0
BRDA:8540,1095,1,0
BRDA:8540,1096,0,0
BRDA:8540,1096,1,0
BRDA:8559,1097,0,0
BRDA:8559,1097,1,0
BRDA:8600,1098,0,0
BRDA:8600,1098,1,0
BRDA:8646,1099,0,1
BRDA:8646,1099,1,0
BRDA:8649,1100,0,0
BRDA:8649,1100,1,0
BRDA:8652,1101,0,0
BRDA:8652,1101,1,0
BRDA:8655,1102,0,0
BRDA:8655,1102,1,0
BRDA:8660,1103,0,0
BRDA:8660,1103,1,0
BRDA:8704,1104,0,0
BRDA:8704,1104,1,0
BRDA:8705,1105,0,0
BRDA:8705,1105,1,0
BRDA:8748,1106,0,0
BRDA:8748,1106,1,0
BRDA:8778,1107,0,0
BRDA:8778,1107,1,0
BRDA:8782,1108,0,0
BRDA:8782,1108,1,0
BRDA:8782,1108,2,0
BRDA:8782,1108,3,0
BRDA:8782,1108,4,0
BRDA:8782,1108,5,0
BRDA:8782,1108,6,0
BRDA:8789,1109,0,0
BRDA:8789,1109,1,0
BRDA:8801,1110,0,0
BRDA:8801,1110,1,0
BRDA:8817,1111,0,0
BRDA:8817,1111,1,0
BRDA:8818,1112,0,0
BRDA:8818,1112,1,0
BRDA:8821,1113,0,0
BRDA:8821,1113,1,0
BRDA:8823,1114,0,0
BRDA:8823,1114,1,0
BRDA:8823,1115,0,0
BRDA:8823,1115,1,0
BRDA:8828,1116,0,0
BRDA:8828,1116,1,0
BRDA:8831,1117,0,0
BRDA:8831,1117,1,0
BRDA:8833,1118,0,0
BRDA:8833,1118,1,0
BRDA:8835,1119,0,0
BRDA:8835,1119,1,0
BRDA:8850,1120,0,0
BRDA:8850,1120,1,0
BRDA:8850,1121,0,0
BRDA:8850,1121,1,0
BRDA:8853,1122,0,0
BRDA:8853,1122,1,0
BRDA:8857,1123,0,0
BRDA:8857,1123,1,0
BRDA:8861,1124,0,0
BRDA:8861,1124,1,0
BRDA:8887,1125,0,0
BRDA:8887,1125,1,0
BRDA:8887,1126,0,0
BRDA:8887,1126,1,0
BRDA:8903,1127,0,0
BRDA:8903,1127,1,0
BRDA:8905,1128,0,0
BRDA:8905,1128,1,0
BRDA:8921,1129,0,0
BRDA:8921,1129,1,0
BRDA:8970,1130,0,0
BRDA:8970,1130,1,0
BRDA:8977,1131,0,0
BRDA:8977,1131,1,0
BRDA:9000,1132,0,0
BRDA:9000,1132,1,0
BRDA:9003,1133,0,0
BRDA:9003,1133,1,0
BRDA:9011,1134,0,0
BRDA:9011,1134,1,0
BRDA:9014,1135,0,0
BRDA:9014,1135,1,0
BRDA:9016,1136,0,0
BRDA:9016,1136,1,0
BRDA:9027,1137,0,0
BRDA:9027,1137,1,0
BRDA:9027,1137,2,0
BRDA:9031,1138,0,0
BRDA:9031,1138,1,0
BRDA:9035,1139,0,0
BRDA:9035,1139,1,0
BRDA:9042,1140,0,0
BRDA:9042,1140,1,0
BRDA:9045,1141,0,0
BRDA:9045,1141,1,0
BRDA:9047,1142,0,0
BRDA:9047,1142,1,0
BRDA:9057,1143,0,0
BRDA:9057,1143,1,0
BRDA:9062,1144,0,0
BRDA:9062,1144,1,0
BRDA:9065,1145,0,0
BRDA:9065,1145,1,0
BRDA:9068,1146,0,0
BRDA:9068,1146,1,0
BRDA:9068,1147,0,0
BRDA:9068,1147,1,0
BRDA:9086,1148,0,0
BRDA:9086,1148,1,0
BRDA:9127,1149,0,0
BRDA:9127,1149,1,0
BRDA:9131,1150,0,0
BRDA:9131,1150,1,0
BRDA:9142,1151,0,0
BRDA:9142,1151,1,0
BRDA:9150,1152,0,0
BRDA:9150,1152,1,0
BRDA:9151,1153,0,0
BRDA:9151,1153,1,0
BRDA:9161,1154,0,0
BRDA:9161,1154,1,0
BRDA:9165,1155,0,0
BRDA:9165,1155,1,0
BRDA:9166,1156,0,0
BRDA:9166,1156,1,0
BRDA:9167,1157,0,0
BRDA:9167,1157,1,0
BRDA:9220,1158,0,0
BRDA:9220,1158,1,0
BRDA:9226,1159,0,0
BRDA:9226,1159,1,0
BRDA:9241,1160,0,0
BRDA:9241,1160,1,0
BRDA:9258,1161,0,0
BRDA:9258,1161,1,0
BRDA:9273,1162,0,1
BRDA:9273,1162,1,1
BRDA:9328,1163,0,1
BRDA:9328,1163,1,0
BRDA:9328,1164,0,1
BRDA:9328,1164,1,0
BRDA:9331,1165,0,0
BRDA:9331,1165,1,0
BRDA:9331,1165,2,0
BRDA:9334,1166,0,0
BRDA:9334,1166,1,0
BRDA:9343,1167,0,0
BRDA:9343,1167,1,0
BRDA:9362,1168,0,0
BRDA:9362,1168,1,0
BRDA:9378,1169,0,0
BRDA:9378,1169,1,0
BRDA:9383,1170,0,0
BRDA:9383,1170,1,0
BRDA:9388,1171,0,1
BRDA:9388,1171,1,0
BRDA:9389,1172,0,1
BRDA:9389,1172,1,0
BRDA:9404,1173,0,0
BRDA:9404,1173,1,0
BRDA:9407,1174,0,0
BRDA:9407,1174,1,0
BRDA:9417,1175,0,0
BRDA:9417,1175,1,0
BRDA:9419,1176,0,0
BRDA:9419,1176,1,0
BRDA:9435,1177,0,0
BRDA:9435,1177,1,0
BRDA:9436,1178,0,0
BRDA:9436,1178,1,0
BRDA:9442,1179,0,0
BRDA:9442,1179,1,0
BRDA:9457,1180,0,0
BRDA:9457,1180,1,0
BRDA:9469,1181,0,0
BRDA:9469,1181,1,0
BRDA:9491,1182,0,0
BRDA:9491,1182,1,0
BRDA:9508,1183,0,0
BRDA:9508,1183,1,0
BRDA:9547,1184,0,1
BRDA:9547,1184,1,1
BRDA:9547,1184,2,0
BRDA:9555,1185,0,0
BRDA:9555,1185,1,1
BRDA:9555,1186,0,1
BRDA:9555,1186,1,1
BRDA:9559,1187,0,0
BRDA:9559,1187,1,0
BRDA:9563,1188,0,0
BRDA:9563,1188,1,0
BRDA:9565,1189,0,0
BRDA:9565,1189,1,0
BRDA:9567,1190,0,0
BRDA:9567,1190,1,0
BRDA:9568,1191,0,0
BRDA:9568,1191,1,0
BRDA:9575,1192,0,0
BRDA:9575,1192,1,0
BRDA:9577,1193,0,0
BRDA:9577,1193,1,0
BRDA:9588,1194,0,1
BRDA:9588,1194,1,1
BRDA:9596,1195,0,0
BRDA:9596,1195,1,1
BRDA:9597,1196,0,1
BRDA:9597,1196,1,1
BRDA:9597,1196,2,1
BRDA:9604,1197,0,0
BRDA:9604,1197,1,0
BRDA:9607,1198,0,0
BRDA:9607,1198,1,0
BRDA:9619,1199,0,0
BRDA:9619,1199,1,0
BRDA:9619,1200,0,0
BRDA:9619,1200,1,0
BRDA:9619,1200,2,0
BRDA:9623,1201,0,0
BRDA:9623,1201,1,0
BRDA:9627,1202,0,0
BRDA:9627,1202,1,0
BRDA:9628,1203,0,0
BRDA:9628,1203,1,0
BRDA:9631,1204,0,0
BRDA:9631,1204,1,0
BRDA:9632,1205,0,0
BRDA:9632,1205,1,0
BRDA:9637,1206,0,0
BRDA:9637,1206,1,0
BRDA:9642,1207,0,0
BRDA:9642,1207,1,0
BRDA:9646,1208,0,0
BRDA:9646,1208,1,0
BRDA:9656,1209,0,0
BRDA:9656,1209,1,0
BRDA:9660,1210,0,0
BRDA:9660,1210,1,0
BRDA:9661,1211,0,0
BRDA:9661,1211,1,0
BRDA:9666,1212,0,0
BRDA:9666,1212,1,0
BRDA:9672,1213,0,0
BRDA:9672,1213,1,0
BRDA:9673,1214,0,0
BRDA:9673,1214,1,0
BRDA:9732,1215,0,1
BRDA:9732,1215,1,1
BRDA:9739,1216,0,0
BRDA:9739,1216,1,0
BRDA:9739,1217,0,0
BRDA:9739,1217,1,0
BRDA:9742,1218,0,0
BRDA:9742,1218,1,0
BRDA:9788,1219,0,1
BRDA:9788,1219,1,1
BRDA:9805,1220,0,0
BRDA:9805,1220,1,0
BRDA:9805,1221,0,0
BRDA:9805,1221,1,0
BRDA:9805,1221,2,0
BRDA:9812,1222,0,0
BRDA:9812,1222,1,0
BRDA:9818,1223,0,0
BRDA:9818,1223,1,0
BRDA:9818,1224,0,0
BRDA:9818,1224,1,0
BRDA:9829,1225,0,0
BRDA:9829,1225,1,0
BRDA:9831,1226,0,0
BRDA:9831,1226,1,0
BRDA:9835,1227,0,0
BRDA:9835,1227,1,0
BRDA:9835,1228,0,0
BRDA:9835,1228,1,0
BRDA:9843,1229,0,0
BRDA:9843,1229,1,0
BRDA:9851,1230,0,0
BRDA:9851,1230,1,0
BRDA:9866,1231,0,0
BRDA:9866,1231,1,0
BRDA:9876,1232,0,0
BRDA:9876,1232,1,0
BRDA:9877,1233,0,0
BRDA:9877,1233,1,0
BRDA:9885,1234,0,0
BRDA:9885,1234,1,0
BRDA:9885,1235,0,0
BRDA:9885,1235,1,0
BRDA:9885,1235,2,0
BRDA:9927,1236,0,0
BRDA:9927,1236,1,0
BRDA:9932,1237,0,0
BRDA:9932,1237,1,0
BRDA:9941,1238,0,0
BRDA:9941,1238,1,0
BRDA:9941,1239,0,0
BRDA:9941,1239,1,0
BRDA:9948,1240,0,0
BRDA:9948,1240,1,0
BRDA:9997,1241,0,0
BRDA:9997,1241,1,0
BRDA:9999,1242,0,0
BRDA:9999,1242,1,0
BRDA:10004,1243,0,0
BRDA:10004,1243,1,0
BRDA:10008,1244,0,0
BRDA:10008,1244,1,0
BRDA:10012,1245,0,0
BRDA:10012,1245,1,0
BRDA:10025,1246,0,0
BRDA:10025,1246,1,0
BRDA:10031,1247,0,0
BRDA:10031,1247,1,0
BRDA:10032,1248,0,0
BRDA:10032,1248,1,0
BRDA:10035,1249,0,0
BRDA:10035,1249,1,0
BRDA:10060,1250,0,0
BRDA:10060,1250,1,0
BRDA:10060,1251,0,0
BRDA:10060,1251,1,0
BRDA:10070,1252,0,0
BRDA:10070,1252,1,0
BRDA:10070,1253,0,0
BRDA:10070,1253,1,0
BRDA:10090,1254,0,1
BRDA:10090,1254,1,1
BRDA:10097,1255,0,0
BRDA:10097,1255,1,0
BRDA:10100,1256,0,0
BRDA:10100,1256,1,0
BRDA:10100,1256,2,0
BRDA:10100,1256,3,0
BRDA:10100,1256,4,0
BRDA:10100,1256,5,0
BRDA:10100,1256,6,0
BRDA:10104,1257,0,0
BRDA:10104,1257,1,0
BRDA:10112,1258,0,0
BRDA:10112,1258,1,0
BRDA:10113,1259,0,0
BRDA:10113,1259,1,0
BRDA:10118,1260,0,0
BRDA:10118,1260,1,0
BRDA:10129,1261,0,0
BRDA:10129,1261,1,0
BRDA:10130,1262,0,0
BRDA:10130,1262,1,0
BRDA:10130,1263,0,0
BRDA:10130,1263,1,0
BRDA:10137,1264,0,0
BRDA:10137,1264,1,0
BRDA:10138,1265,0,0
BRDA:10138,1265,1,0
BRDA:10148,1266,0,0
BRDA:10148,1266,1,0
BRDA:10153,1267,0,0
BRDA:10153,1267,1,0
BRDA:10157,1268,0,0
BRDA:10157,1268,1,0
BRDA:10158,1269,0,0
BRDA:10158,1269,1,0
BRDA:10158,1269,2,0
BRDA:10158,1269,3,0
BRDA:10165,1270,0,0
BRDA:10165,1270,1,0
BRDA:10165,1271,0,0
BRDA:10165,1271,1,0
BRDA:10167,1272,0,0
BRDA:10167,1272,1,0
BRDA:10167,1273,0,0
BRDA:10167,1273,1,0
BRDA:10171,1274,0,0
BRDA:10171,1274,1,0
BRDA:10176,1275,0,0
BRDA:10176,1275,1,0
BRDA:10188,1276,0,0
BRDA:10188,1276,1,0
BRDA:10194,1277,0,0
BRDA:10194,1277,1,0
BRDA:10194,1278,0,0
BRDA:10194,1278,1,0
BRDA:10201,1279,0,0
BRDA:10201,1279,1,0
BRDA:10217,1280,0,0
BRDA:10217,1280,1,0
BRDA:10259,1281,0,0
BRDA:10259,1281,1,0
BRDA:10259,1281,2,0
BRDA:10270,1282,0,0
BRDA:10270,1282,1,0
BRDA:10270,1282,2,0
BRDA:10281,1283,0,0
BRDA:10281,1283,1,0
BRDA:10281,1283,2,0
BRDA:10292,1284,0,0
BRDA:10292,1284,1,0
BRDA:10292,1284,2,0
BRDA:10303,1285,0,0
BRDA:10303,1285,1,0
BRDA:10303,1285,2,0
BRDA:10334,1286,0,0
BRDA:10334,1286,1,1
BRDA:10352,1287,0,1
BRDA:10352,1287,1,0
BRDA:10397,1288,0,1
BRDA:10397,1288,1,1
BRF:2747
BRH:413
end_of_record
